2025-01-23 10:46:34,553 [Worker-8: Loading available Gradle versions] INFO  o.e.b.c.i.u.g.PublishedGradleVersions - Gradle version information cache is up-to-date. Trying to read.
2025-01-23 10:55:36,713 [ModalContext] INFO  o.e.m.c.i.e.AbstractTransferListenerAdapter - Downloading https://repo1.maven.org/maven2/org/apache/maven/archetypes/maven-archetype-simple/1.5/maven-archetype-simple-1.5.jar
2025-01-23 10:55:36,780 [ModalContext] INFO  o.e.m.c.i.e.AbstractTransferListenerAdapter - Downloaded https://repo1.maven.org/maven2/org/apache/maven/archetypes/maven-archetype-simple/1.5/maven-archetype-simple-1.5.jar
2025-01-23 10:55:36,866 [ModalContext] INFO  o.e.m.c.i.e.AbstractTransferListenerAdapter - Downloading https://repo1.maven.org/maven2/org/apache/maven/archetypes/maven-archetype-simple/1.5/maven-archetype-simple-1.5.pom
2025-01-23 10:55:36,917 [ModalContext] INFO  o.e.m.c.i.e.AbstractTransferListenerAdapter - Downloaded https://repo1.maven.org/maven2/org/apache/maven/archetypes/maven-archetype-simple/1.5/maven-archetype-simple-1.5.pom
2025-01-23 10:56:27,818 [Worker-42: Creating maven-archetype-simple] INFO  o.e.m.c.i.p.ProjectConfigurationManager - Collecting project info '/pom.xml' /Users/user/Desktop/OBSIDI ACADEMY/bptn-java/pom.xml
2025-01-23 10:56:28,817 [Worker-42: Creating maven-archetype-simple] INFO  o.e.m.c.i.l.LifecycleMappingFactory - Using org.eclipse.m2e.jdt.JarLifecycleMapping lifecycle mapping for MavenProject: com.bptn:bptn-java:0.0.1-SNAPSHOT @ /Users/user/Desktop/OBSIDI ACADEMY/bptn-java/pom.xml.
2025-01-23 10:56:29,064 [Worker-42: Creating maven-archetype-simple] INFO  o.e.m.j.i.AbstractJavaProjectConfigurator - Adding source folder /bptn-java/src/main/java
2025-01-23 10:56:29,066 [Worker-42: Creating maven-archetype-simple] INFO  o.e.m.j.i.AbstractJavaProjectConfigurator - Adding source folder /bptn-java/src/test/java
2025-01-23 10:56:29,169 [Worker-42: Creating maven-archetype-simple] INFO  o.e.m.c.i.p.ProjectConfigurationManager - Imported and configured 1 project(s) in 1 sec
2025-01-23 10:56:29,732 [Worker-27: Building] INFO  o.a.m.s.f.DefaultMavenResourcesFiltering - skip non existing resourceDirectory /Users/user/Desktop/OBSIDI ACADEMY/bptn-java/src/main/resources
2025-01-23 10:56:29,739 [Worker-27: Building] INFO  o.a.m.s.f.DefaultMavenResourcesFiltering - skip non existing resourceDirectory /Users/user/Desktop/OBSIDI ACADEMY/bptn-java/src/test/resources
2025-01-23 10:56:30,094 [Worker-42: Download sources and javadoc] INFO  o.e.m.c.i.e.AbstractTransferListenerAdapter - Downloading https://repo.maven.apache.org/maven2/junit/junit/3.8.1/junit-3.8.1-sources.jar
2025-01-23 10:56:30,187 [Worker-42: Download sources and javadoc] INFO  o.e.m.c.i.e.AbstractTransferListenerAdapter - Downloaded https://repo.maven.apache.org/maven2/junit/junit/3.8.1/junit-3.8.1-sources.jar
2025-01-23 10:56:30,395 [Worker-42: Download sources and javadoc] INFO  o.e.m.j.internal.DownloadSourcesJob - Downloaded sources for junit:junit:3.8.1
2025-01-23 10:56:30,442 [Worker-42: Download sources and javadoc] INFO  o.e.m.j.internal.DownloadSourcesJob - Downloaded sources for junit:junit:3.8.1
2025-01-23 10:56:30,958 [Worker-43: Building] INFO  o.a.m.s.f.DefaultMavenResourcesFiltering - skip non existing resourceDirectory /Users/user/Desktop/OBSIDI ACADEMY/bptn-java/src/main/resources
2025-01-23 10:56:30,963 [Worker-43: Building] INFO  o.a.m.s.f.DefaultMavenResourcesFiltering - skip non existing resourceDirectory /Users/user/Desktop/OBSIDI ACADEMY/bptn-java/src/test/resources
2025-01-23 10:57:52,171 [Worker-44: Building] INFO  o.e.m.c.i.l.LifecycleMappingFactory - Using org.eclipse.m2e.jdt.JarLifecycleMapping lifecycle mapping for MavenProject: com.bptn:bptn-java:0.0.1-SNAPSHOT @ /Users/user/Desktop/OBSIDI ACADEMY/bptn-java/pom.xml.
2025-01-23 10:57:52,582 [Worker-44: Building] INFO  o.a.m.s.f.DefaultMavenResourcesFiltering - skip non existing resourceDirectory /Users/user/Desktop/OBSIDI ACADEMY/bptn-java/src/main/resources
2025-01-23 10:57:52,587 [Worker-44: Building] INFO  o.a.m.s.f.DefaultMavenResourcesFiltering - skip non existing resourceDirectory /Users/user/Desktop/OBSIDI ACADEMY/bptn-java/src/test/resources
2025-01-23 10:58:14,528 [Worker-42: Updating Maven Project] INFO  o.e.m.c.i.p.ProjectConfigurationManager - Update started
2025-01-23 10:58:14,803 [Worker-42: Updating Maven Project] INFO  o.e.m.c.i.l.LifecycleMappingFactory - Using org.eclipse.m2e.jdt.JarLifecycleMapping lifecycle mapping for MavenProject: com.bptn:bptn-java:0.0.1-SNAPSHOT @ /Users/user/Desktop/OBSIDI ACADEMY/bptn-java/pom.xml.
2025-01-23 10:58:14,969 [Worker-42: Updating Maven Project] INFO  o.e.m.j.i.AbstractJavaProjectConfigurator - Adding source folder /bptn-java/src/main/java
2025-01-23 10:58:14,970 [Worker-42: Updating Maven Project] INFO  o.e.m.j.i.AbstractJavaProjectConfigurator - Adding source folder /bptn-java/src/test/java
2025-01-23 10:58:15,622 [Worker-42: Updating Maven Project] INFO  o.e.m.c.i.p.ProjectConfigurationManager - Update completed: 1 sec
2025-01-23 10:58:15,885 [Worker-44: Building] INFO  o.a.m.s.f.DefaultMavenResourcesFiltering - skip non existing resourceDirectory /Users/user/Desktop/OBSIDI ACADEMY/bptn-java/src/main/resources
2025-01-23 10:58:15,890 [Worker-44: Building] INFO  o.a.m.s.f.DefaultMavenResourcesFiltering - skip non existing resourceDirectory /Users/user/Desktop/OBSIDI ACADEMY/bptn-java/src/test/resources
2025-01-23 10:58:48,540 [Worker-42: Building] INFO  o.e.m.c.i.l.LifecycleMappingFactory - Using org.eclipse.m2e.jdt.JarLifecycleMapping lifecycle mapping for MavenProject: com.bptn:bptn-java:0.0.1-SNAPSHOT @ /Users/user/Desktop/OBSIDI ACADEMY/bptn-java/pom.xml.
2025-01-23 10:58:48,821 [Worker-42: Building] INFO  o.a.m.s.f.DefaultMavenResourcesFiltering - skip non existing resourceDirectory /Users/user/Desktop/OBSIDI ACADEMY/bptn-java/src/main/resources
2025-01-23 10:58:48,827 [Worker-42: Building] INFO  o.a.m.s.f.DefaultMavenResourcesFiltering - skip non existing resourceDirectory /Users/user/Desktop/OBSIDI ACADEMY/bptn-java/src/test/resources
2025-01-23 13:36:03,022 [Worker-43: Building] INFO  o.a.m.s.f.DefaultMavenResourcesFiltering - skip non existing resourceDirectory /Users/user/Desktop/OBSIDI ACADEMY/bptn-java/src/main/resources
2025-01-23 13:36:03,035 [Worker-43: Building] INFO  o.a.m.s.f.DefaultMavenResourcesFiltering - skip non existing resourceDirectory /Users/user/Desktop/OBSIDI ACADEMY/bptn-java/src/test/resources
2025-01-23 13:39:48,902 [Worker-43: Importing Maven projects] INFO  o.e.m.c.i.e.AbstractTransferListenerAdapter - Downloading https://repo.maven.apache.org/maven2/org/apache/maven/plugins/maven-clean-plugin/3.1.0/maven-clean-plugin-3.1.0.jar
2025-01-23 13:39:48,946 [Worker-43: Importing Maven projects] INFO  o.e.m.c.i.e.AbstractTransferListenerAdapter - Downloaded https://repo.maven.apache.org/maven2/org/apache/maven/plugins/maven-clean-plugin/3.1.0/maven-clean-plugin-3.1.0.jar
2025-01-23 13:39:49,076 [Worker-43: Importing Maven projects] INFO  o.e.m.c.i.e.AbstractTransferListenerAdapter - Downloading https://repo.maven.apache.org/maven2/org/apache/maven/plugins/maven-resources-plugin/3.0.2/maven-resources-plugin-3.0.2.jar
2025-01-23 13:39:49,112 [Worker-43: Importing Maven projects] INFO  o.e.m.c.i.e.AbstractTransferListenerAdapter - Downloaded https://repo.maven.apache.org/maven2/org/apache/maven/plugins/maven-resources-plugin/3.0.2/maven-resources-plugin-3.0.2.jar
2025-01-23 13:39:49,164 [Worker-43: Importing Maven projects] INFO  o.e.m.c.i.e.AbstractTransferListenerAdapter - Downloading https://repo.maven.apache.org/maven2/org/apache/maven/plugins/maven-compiler-plugin/3.8.0/maven-compiler-plugin-3.8.0.jar
2025-01-23 13:39:49,216 [Worker-43: Importing Maven projects] INFO  o.e.m.c.i.e.AbstractTransferListenerAdapter - Downloaded https://repo.maven.apache.org/maven2/org/apache/maven/plugins/maven-compiler-plugin/3.8.0/maven-compiler-plugin-3.8.0.jar
2025-01-23 13:39:49,272 [Worker-43: Importing Maven projects] INFO  o.e.m.c.i.e.AbstractTransferListenerAdapter - Downloading https://repo.maven.apache.org/maven2/org/apache/maven/plugins/maven-surefire-plugin/2.22.1/maven-surefire-plugin-2.22.1.jar
2025-01-23 13:39:49,309 [Worker-43: Importing Maven projects] INFO  o.e.m.c.i.e.AbstractTransferListenerAdapter - Downloaded https://repo.maven.apache.org/maven2/org/apache/maven/plugins/maven-surefire-plugin/2.22.1/maven-surefire-plugin-2.22.1.jar
2025-01-23 13:39:49,361 [Worker-43: Importing Maven projects] INFO  o.e.m.c.i.e.AbstractTransferListenerAdapter - Downloading https://repo.maven.apache.org/maven2/org/apache/maven/plugins/maven-jar-plugin/3.0.2/maven-jar-plugin-3.0.2.jar
2025-01-23 13:39:49,396 [Worker-43: Importing Maven projects] INFO  o.e.m.c.i.e.AbstractTransferListenerAdapter - Downloaded https://repo.maven.apache.org/maven2/org/apache/maven/plugins/maven-jar-plugin/3.0.2/maven-jar-plugin-3.0.2.jar
2025-01-23 13:39:49,445 [Worker-43: Importing Maven projects] INFO  o.e.m.c.i.e.AbstractTransferListenerAdapter - Downloading https://repo.maven.apache.org/maven2/org/apache/maven/plugins/maven-install-plugin/2.5.2/maven-install-plugin-2.5.2.jar
2025-01-23 13:39:49,483 [Worker-43: Importing Maven projects] INFO  o.e.m.c.i.e.AbstractTransferListenerAdapter - Downloaded https://repo.maven.apache.org/maven2/org/apache/maven/plugins/maven-install-plugin/2.5.2/maven-install-plugin-2.5.2.jar
2025-01-23 13:39:49,616 [Worker-43: Importing Maven projects] INFO  o.e.m.c.i.e.AbstractTransferListenerAdapter - Downloading https://repo.maven.apache.org/maven2/org/apache/maven/plugins/maven-deploy-plugin/2.8.2/maven-deploy-plugin-2.8.2.jar
2025-01-23 13:39:49,654 [Worker-43: Importing Maven projects] INFO  o.e.m.c.i.e.AbstractTransferListenerAdapter - Downloaded https://repo.maven.apache.org/maven2/org/apache/maven/plugins/maven-deploy-plugin/2.8.2/maven-deploy-plugin-2.8.2.jar
2025-01-23 13:39:49,709 [Worker-43: Importing Maven projects] INFO  o.e.m.c.i.e.AbstractTransferListenerAdapter - Downloading https://repo.maven.apache.org/maven2/org/apache/maven/plugins/maven-site-plugin/3.7.1/maven-site-plugin-3.7.1.jar
2025-01-23 13:39:49,749 [Worker-43: Importing Maven projects] INFO  o.e.m.c.i.e.AbstractTransferListenerAdapter - Downloaded https://repo.maven.apache.org/maven2/org/apache/maven/plugins/maven-site-plugin/3.7.1/maven-site-plugin-3.7.1.jar
2025-01-23 13:39:49,799 [Worker-43: Importing Maven projects] INFO  o.e.m.c.i.e.AbstractTransferListenerAdapter - Downloading https://repo.maven.apache.org/maven2/org/apache/maven/plugins/maven-compiler-plugin/3.8.0/maven-compiler-plugin-3.8.0.pom
2025-01-23 13:39:49,833 [Worker-43: Importing Maven projects] INFO  o.e.m.c.i.e.AbstractTransferListenerAdapter - Downloaded https://repo.maven.apache.org/maven2/org/apache/maven/plugins/maven-compiler-plugin/3.8.0/maven-compiler-plugin-3.8.0.pom
2025-01-23 13:39:49,892 [Worker-43: Importing Maven projects] INFO  o.e.m.c.i.e.AbstractTransferListenerAdapter - Downloading https://repo.maven.apache.org/maven2/org/apache/maven/plugins/maven-plugins/32/maven-plugins-32.pom
2025-01-23 13:39:49,939 [Worker-43: Importing Maven projects] INFO  o.e.m.c.i.e.AbstractTransferListenerAdapter - Downloaded https://repo.maven.apache.org/maven2/org/apache/maven/plugins/maven-plugins/32/maven-plugins-32.pom
2025-01-23 13:39:49,992 [Worker-43: Importing Maven projects] INFO  o.e.m.c.i.e.AbstractTransferListenerAdapter - Downloading https://repo.maven.apache.org/maven2/org/apache/maven/maven-parent/32/maven-parent-32.pom
2025-01-23 13:39:50,032 [Worker-43: Importing Maven projects] INFO  o.e.m.c.i.e.AbstractTransferListenerAdapter - Downloaded https://repo.maven.apache.org/maven2/org/apache/maven/maven-parent/32/maven-parent-32.pom
2025-01-23 13:39:50,064 [Worker-43: Importing Maven projects] INFO  o.e.m.c.i.e.AbstractTransferListenerAdapter - Downloading https://repo.maven.apache.org/maven2/org/apache/apache/20/apache-20.pom
2025-01-23 13:39:50,100 [Worker-43: Importing Maven projects] INFO  o.e.m.c.i.e.AbstractTransferListenerAdapter - Downloaded https://repo.maven.apache.org/maven2/org/apache/apache/20/apache-20.pom
2025-01-23 13:39:50,719 [Worker-43: Importing Maven projects] INFO  o.e.m.c.i.l.LifecycleMappingFactory - Using org.eclipse.m2e.jdt.JarLifecycleMapping lifecycle mapping for MavenProject: com.bptn:academy-java:0.0.1-SNAPSHOT @ /Users/user/Desktop/OBSIDI ACADEMY/academy-java/pom.xml.
2025-01-23 13:39:50,842 [Worker-43: Importing Maven projects] INFO  o.e.m.c.i.e.AbstractTransferListenerAdapter - Downloading https://repo.maven.apache.org/maven2/org/apache/maven/plugins/maven-resources-plugin/3.0.2/maven-resources-plugin-3.0.2.pom
2025-01-23 13:39:50,870 [Worker-43: Importing Maven projects] INFO  o.e.m.c.i.e.AbstractTransferListenerAdapter - Downloaded https://repo.maven.apache.org/maven2/org/apache/maven/plugins/maven-resources-plugin/3.0.2/maven-resources-plugin-3.0.2.pom
2025-01-23 13:39:50,897 [Worker-43: Importing Maven projects] INFO  o.e.m.c.i.e.AbstractTransferListenerAdapter - Downloading https://repo.maven.apache.org/maven2/org/apache/maven/plugins/maven-plugins/30/maven-plugins-30.pom
2025-01-23 13:39:50,915 [Worker-43: Importing Maven projects] INFO  o.e.m.c.i.e.AbstractTransferListenerAdapter - Downloaded https://repo.maven.apache.org/maven2/org/apache/maven/plugins/maven-plugins/30/maven-plugins-30.pom
2025-01-23 13:39:50,975 [Worker-43: Importing Maven projects] INFO  o.e.m.c.i.e.AbstractTransferListenerAdapter - Downloading https://repo.maven.apache.org/maven2/org/codehaus/plexus/plexus-component-annotations/1.6/plexus-component-annotations-1.6.pom
2025-01-23 13:39:50,994 [Worker-43: Importing Maven projects] INFO  o.e.m.c.i.e.AbstractTransferListenerAdapter - Downloaded https://repo.maven.apache.org/maven2/org/codehaus/plexus/plexus-component-annotations/1.6/plexus-component-annotations-1.6.pom
2025-01-23 13:39:51,025 [Worker-43: Importing Maven projects] INFO  o.e.m.c.i.e.AbstractTransferListenerAdapter - Downloading https://repo.maven.apache.org/maven2/org/codehaus/plexus/plexus-containers/1.6/plexus-containers-1.6.pom
2025-01-23 13:39:51,054 [Worker-43: Importing Maven projects] INFO  o.e.m.c.i.e.AbstractTransferListenerAdapter - Downloaded https://repo.maven.apache.org/maven2/org/codehaus/plexus/plexus-containers/1.6/plexus-containers-1.6.pom
2025-01-23 13:39:51,075 [Worker-43: Importing Maven projects] INFO  o.e.m.c.i.e.AbstractTransferListenerAdapter - Downloading https://repo.maven.apache.org/maven2/org/codehaus/plexus/plexus/3.3.2/plexus-3.3.2.pom
2025-01-23 13:39:51,099 [Worker-43: Importing Maven projects] INFO  o.e.m.c.i.e.AbstractTransferListenerAdapter - Downloaded https://repo.maven.apache.org/maven2/org/codehaus/plexus/plexus/3.3.2/plexus-3.3.2.pom
2025-01-23 13:39:51,130 [Worker-43: Importing Maven projects] INFO  o.e.m.c.i.e.AbstractTransferListenerAdapter - Downloading https://repo.maven.apache.org/maven2/org/codehaus/plexus/plexus-utils/3.0.24/plexus-utils-3.0.24.pom
2025-01-23 13:39:51,154 [Worker-43: Importing Maven projects] INFO  o.e.m.c.i.e.AbstractTransferListenerAdapter - Downloaded https://repo.maven.apache.org/maven2/org/codehaus/plexus/plexus-utils/3.0.24/plexus-utils-3.0.24.pom
2025-01-23 13:39:51,178 [Worker-43: Importing Maven projects] INFO  o.e.m.c.i.e.AbstractTransferListenerAdapter - Downloading https://repo.maven.apache.org/maven2/org/apache/maven/shared/maven-filtering/3.1.1/maven-filtering-3.1.1.pom
2025-01-23 13:39:51,202 [Worker-43: Importing Maven projects] INFO  o.e.m.c.i.e.AbstractTransferListenerAdapter - Downloaded https://repo.maven.apache.org/maven2/org/apache/maven/shared/maven-filtering/3.1.1/maven-filtering-3.1.1.pom
2025-01-23 13:39:51,226 [Worker-43: Importing Maven projects] INFO  o.e.m.c.i.e.AbstractTransferListenerAdapter - Downloading https://repo.maven.apache.org/maven2/org/apache/maven/shared/maven-shared-utils/3.0.0/maven-shared-utils-3.0.0.pom
2025-01-23 13:39:51,248 [Worker-43: Importing Maven projects] INFO  o.e.m.c.i.e.AbstractTransferListenerAdapter - Downloaded https://repo.maven.apache.org/maven2/org/apache/maven/shared/maven-shared-utils/3.0.0/maven-shared-utils-3.0.0.pom
2025-01-23 13:39:51,271 [Worker-43: Importing Maven projects] INFO  o.e.m.c.i.e.AbstractTransferListenerAdapter - Downloading https://repo.maven.apache.org/maven2/org/apache/maven/shared/maven-shared-components/21/maven-shared-components-21.pom
2025-01-23 13:39:51,297 [Worker-43: Importing Maven projects] INFO  o.e.m.c.i.e.AbstractTransferListenerAdapter - Downloaded https://repo.maven.apache.org/maven2/org/apache/maven/shared/maven-shared-components/21/maven-shared-components-21.pom
2025-01-23 13:39:51,320 [Worker-43: Importing Maven projects] INFO  o.e.m.c.i.e.AbstractTransferListenerAdapter - Downloading https://repo.maven.apache.org/maven2/org/apache/maven/maven-parent/25/maven-parent-25.pom
2025-01-23 13:39:51,346 [Worker-43: Importing Maven projects] INFO  o.e.m.c.i.e.AbstractTransferListenerAdapter - Downloaded https://repo.maven.apache.org/maven2/org/apache/maven/maven-parent/25/maven-parent-25.pom
2025-01-23 13:39:51,375 [Worker-43: Importing Maven projects] INFO  o.e.m.c.i.e.AbstractTransferListenerAdapter - Downloading https://repo.maven.apache.org/maven2/commons-io/commons-io/2.4/commons-io-2.4.pom
2025-01-23 13:39:51,398 [Worker-43: Importing Maven projects] INFO  o.e.m.c.i.e.AbstractTransferListenerAdapter - Downloaded https://repo.maven.apache.org/maven2/commons-io/commons-io/2.4/commons-io-2.4.pom
2025-01-23 13:39:51,465 [Worker-43: Importing Maven projects] INFO  o.e.m.c.i.e.AbstractTransferListenerAdapter - Downloading https://repo.maven.apache.org/maven2/org/apache/commons/commons-parent/25/commons-parent-25.pom
2025-01-23 13:39:51,486 [Worker-43: Importing Maven projects] INFO  o.e.m.c.i.e.AbstractTransferListenerAdapter - Downloaded https://repo.maven.apache.org/maven2/org/apache/commons/commons-parent/25/commons-parent-25.pom
2025-01-23 13:39:51,509 [Worker-43: Importing Maven projects] INFO  o.e.m.c.i.e.AbstractTransferListenerAdapter - Downloading https://repo.maven.apache.org/maven2/org/apache/apache/9/apache-9.pom
2025-01-23 13:39:51,546 [Worker-43: Importing Maven projects] INFO  o.e.m.c.i.e.AbstractTransferListenerAdapter - Downloaded https://repo.maven.apache.org/maven2/org/apache/apache/9/apache-9.pom
2025-01-23 13:39:51,573 [Worker-43: Importing Maven projects] INFO  o.e.m.c.i.e.AbstractTransferListenerAdapter - Downloading https://repo.maven.apache.org/maven2/org/codehaus/plexus/plexus-interpolation/1.22/plexus-interpolation-1.22.pom
2025-01-23 13:39:51,604 [Worker-43: Importing Maven projects] INFO  o.e.m.c.i.e.AbstractTransferListenerAdapter - Downloaded https://repo.maven.apache.org/maven2/org/codehaus/plexus/plexus-interpolation/1.22/plexus-interpolation-1.22.pom
2025-01-23 13:39:51,630 [Worker-43: Importing Maven projects] INFO  o.e.m.c.i.e.AbstractTransferListenerAdapter - Downloading https://repo.maven.apache.org/maven2/org/codehaus/plexus/plexus-components/1.3.1/plexus-components-1.3.1.pom
2025-01-23 13:39:51,666 [Worker-43: Importing Maven projects] INFO  o.e.m.c.i.e.AbstractTransferListenerAdapter - Downloaded https://repo.maven.apache.org/maven2/org/codehaus/plexus/plexus-components/1.3.1/plexus-components-1.3.1.pom
2025-01-23 13:39:51,694 [Worker-43: Importing Maven projects] INFO  o.e.m.c.i.e.AbstractTransferListenerAdapter - Downloading https://repo.maven.apache.org/maven2/org/codehaus/plexus/plexus-interpolation/1.24/plexus-interpolation-1.24.pom
2025-01-23 13:39:51,737 [Worker-43: Importing Maven projects] INFO  o.e.m.c.i.e.AbstractTransferListenerAdapter - Downloaded https://repo.maven.apache.org/maven2/org/codehaus/plexus/plexus-interpolation/1.24/plexus-interpolation-1.24.pom
2025-01-23 13:39:51,769 [AetherRepositoryConnector-repo.maven.apache.org-0-1] INFO  o.e.m.c.i.e.AbstractTransferListenerAdapter - Downloading https://repo.maven.apache.org/maven2/org/codehaus/plexus/plexus-utils/3.0.24/plexus-utils-3.0.24.jar
2025-01-23 13:39:51,784 [AetherRepositoryConnector-repo.maven.apache.org-0-0] INFO  o.e.m.c.i.e.AbstractTransferListenerAdapter - Downloading https://repo.maven.apache.org/maven2/org/codehaus/plexus/plexus-component-annotations/1.6/plexus-component-annotations-1.6.jar
2025-01-23 13:39:51,786 [AetherRepositoryConnector-repo.maven.apache.org-0-2] INFO  o.e.m.c.i.e.AbstractTransferListenerAdapter - Downloading https://repo.maven.apache.org/maven2/org/apache/maven/shared/maven-filtering/3.1.1/maven-filtering-3.1.1.jar
2025-01-23 13:39:51,788 [AetherRepositoryConnector-repo.maven.apache.org-0-4] INFO  o.e.m.c.i.e.AbstractTransferListenerAdapter - Downloading https://repo.maven.apache.org/maven2/com/google/code/findbugs/jsr305/2.0.1/jsr305-2.0.1.jar
2025-01-23 13:39:51,788 [AetherRepositoryConnector-repo.maven.apache.org-0-3] INFO  o.e.m.c.i.e.AbstractTransferListenerAdapter - Downloading https://repo.maven.apache.org/maven2/org/apache/maven/shared/maven-shared-utils/3.0.0/maven-shared-utils-3.0.0.jar
2025-01-23 13:39:51,825 [AetherRepositoryConnector-repo.maven.apache.org-0-1] INFO  o.e.m.c.i.e.AbstractTransferListenerAdapter - Downloaded https://repo.maven.apache.org/maven2/org/codehaus/plexus/plexus-utils/3.0.24/plexus-utils-3.0.24.jar
2025-01-23 13:39:51,837 [AetherRepositoryConnector-repo.maven.apache.org-0-2] INFO  o.e.m.c.i.e.AbstractTransferListenerAdapter - Downloaded https://repo.maven.apache.org/maven2/org/apache/maven/shared/maven-filtering/3.1.1/maven-filtering-3.1.1.jar
2025-01-23 13:39:51,839 [AetherRepositoryConnector-repo.maven.apache.org-0-0] INFO  o.e.m.c.i.e.AbstractTransferListenerAdapter - Downloaded https://repo.maven.apache.org/maven2/org/codehaus/plexus/plexus-component-annotations/1.6/plexus-component-annotations-1.6.jar
2025-01-23 13:39:51,843 [AetherRepositoryConnector-repo.maven.apache.org-0-4] INFO  o.e.m.c.i.e.AbstractTransferListenerAdapter - Downloaded https://repo.maven.apache.org/maven2/com/google/code/findbugs/jsr305/2.0.1/jsr305-2.0.1.jar
2025-01-23 13:39:51,843 [AetherRepositoryConnector-repo.maven.apache.org-0-3] INFO  o.e.m.c.i.e.AbstractTransferListenerAdapter - Downloaded https://repo.maven.apache.org/maven2/org/apache/maven/shared/maven-shared-utils/3.0.0/maven-shared-utils-3.0.0.jar
2025-01-23 13:39:51,855 [AetherRepositoryConnector-repo.maven.apache.org-0-1] INFO  o.e.m.c.i.e.AbstractTransferListenerAdapter - Downloading https://repo.maven.apache.org/maven2/org/codehaus/plexus/plexus-interpolation/1.24/plexus-interpolation-1.24.jar
2025-01-23 13:39:51,890 [AetherRepositoryConnector-repo.maven.apache.org-0-1] INFO  o.e.m.c.i.e.AbstractTransferListenerAdapter - Downloaded https://repo.maven.apache.org/maven2/org/codehaus/plexus/plexus-interpolation/1.24/plexus-interpolation-1.24.jar
2025-01-23 13:39:52,286 [Worker-43: Importing Maven projects] INFO  o.e.m.j.i.AbstractJavaProjectConfigurator - Adding source folder /academy-java/src/main/java
2025-01-23 13:39:52,288 [Worker-43: Importing Maven projects] INFO  o.e.m.j.i.AbstractJavaProjectConfigurator - Adding source folder /academy-java/src/test/java
2025-01-23 13:39:52,342 [Worker-43: Importing Maven projects] INFO  o.e.m.c.i.p.ProjectConfigurationManager - Imported and configured 1 project(s) in 3 sec
2025-01-23 13:39:54,224 [Worker-43: Building] INFO  o.e.m.c.i.embedder.EclipseLogger - Using 'UTF-8' encoding to copy filtered resources.
2025-01-23 13:39:54,226 [Worker-43: Building] INFO  o.e.m.c.i.embedder.EclipseLogger - skip non existing resourceDirectory /Users/user/Desktop/OBSIDI ACADEMY/academy-java/src/main/resources
2025-01-23 13:39:54,230 [Worker-43: Building] INFO  o.e.m.c.i.embedder.EclipseLogger - Using 'UTF-8' encoding to copy filtered resources.
2025-01-23 13:39:54,230 [Worker-43: Building] INFO  o.e.m.c.i.embedder.EclipseLogger - skip non existing resourceDirectory /Users/user/Desktop/OBSIDI ACADEMY/academy-java/src/test/resources
2025-01-23 13:39:56,837 [JGit-FileStoreAttributeWriter-2] ERROR org.eclipse.jgit.util.FS - Cannot save config file 'FileBasedConfig[/Users/user/.config/jgit/config]'
java.io.IOException: Creating directories for /Users/user/.config/jgit failed
	at org.eclipse.jgit.util.FileUtils.mkdirs(FileUtils.java:411)
	at org.eclipse.jgit.internal.storage.file.LockFile.lock(LockFile.java:130)
	at org.eclipse.jgit.storage.file.FileBasedConfig.save(FileBasedConfig.java:219)
	at org.eclipse.jgit.util.FS$FileStoreAttributes.saveToConfig(FS.java:735)
	at org.eclipse.jgit.util.FS$FileStoreAttributes.lambda$4(FS.java:424)
	at java.base/java.util.concurrent.ThreadPoolExecutor.runWorker(ThreadPoolExecutor.java:1144)
	at java.base/java.util.concurrent.ThreadPoolExecutor$Worker.run(ThreadPoolExecutor.java:642)
	at java.base/java.lang.Thread.run(Thread.java:1589)
2025-01-23 13:54:03,738 [Worker-54: Building] INFO  o.e.m.c.i.embedder.EclipseLogger - Using 'UTF-8' encoding to copy filtered resources.
2025-01-23 13:54:03,741 [Worker-54: Building] INFO  o.e.m.c.i.embedder.EclipseLogger - skip non existing resourceDirectory /Users/user/Desktop/OBSIDI ACADEMY/academy-java/src/main/resources
2025-01-23 13:54:03,743 [Worker-54: Building] INFO  o.e.m.c.i.embedder.EclipseLogger - Using 'UTF-8' encoding to copy filtered resources.
2025-01-23 13:54:03,743 [Worker-54: Building] INFO  o.e.m.c.i.embedder.EclipseLogger - skip non existing resourceDirectory /Users/user/Desktop/OBSIDI ACADEMY/academy-java/src/test/resources
2025-01-23 13:57:09,028 [Worker-52: Building] INFO  o.e.m.c.i.embedder.EclipseLogger - Using 'UTF-8' encoding to copy filtered resources.
2025-01-23 13:57:09,030 [Worker-52: Building] INFO  o.e.m.c.i.embedder.EclipseLogger - skip non existing resourceDirectory /Users/user/Desktop/OBSIDI ACADEMY/academy-java/src/main/resources
2025-01-23 13:57:09,036 [Worker-52: Building] INFO  o.e.m.c.i.embedder.EclipseLogger - Using 'UTF-8' encoding to copy filtered resources.
2025-01-23 13:57:09,036 [Worker-52: Building] INFO  o.e.m.c.i.embedder.EclipseLogger - skip non existing resourceDirectory /Users/user/Desktop/OBSIDI ACADEMY/academy-java/src/test/resources
2025-01-23 13:57:10,140 [Worker-56: Building] INFO  o.e.m.c.i.embedder.EclipseLogger - Using 'UTF-8' encoding to copy filtered resources.
2025-01-23 13:57:10,141 [Worker-56: Building] INFO  o.e.m.c.i.embedder.EclipseLogger - skip non existing resourceDirectory /Users/user/Desktop/OBSIDI ACADEMY/academy-java/src/main/resources
2025-01-23 13:57:10,143 [Worker-56: Building] INFO  o.e.m.c.i.embedder.EclipseLogger - Using 'UTF-8' encoding to copy filtered resources.
2025-01-23 13:57:10,143 [Worker-56: Building] INFO  o.e.m.c.i.embedder.EclipseLogger - skip non existing resourceDirectory /Users/user/Desktop/OBSIDI ACADEMY/academy-java/src/test/resources
2025-01-23 13:57:10,154 [Worker-56: Building] INFO  o.a.m.s.f.DefaultMavenResourcesFiltering - skip non existing resourceDirectory /Users/user/Desktop/OBSIDI ACADEMY/bptn-java/src/main/resources
2025-01-23 13:57:10,156 [Worker-56: Building] INFO  o.a.m.s.f.DefaultMavenResourcesFiltering - skip non existing resourceDirectory /Users/user/Desktop/OBSIDI ACADEMY/bptn-java/src/test/resources
2025-01-23 14:15:10,913 [Worker-58: Building] INFO  o.e.m.c.i.embedder.EclipseLogger - Using 'UTF-8' encoding to copy filtered resources.
2025-01-23 14:15:10,918 [Worker-58: Building] INFO  o.e.m.c.i.embedder.EclipseLogger - skip non existing resourceDirectory /Users/user/Desktop/OBSIDI ACADEMY/academy-java/src/main/resources
2025-01-23 14:15:10,920 [Worker-58: Building] INFO  o.e.m.c.i.embedder.EclipseLogger - Using 'UTF-8' encoding to copy filtered resources.
2025-01-23 14:15:10,921 [Worker-58: Building] INFO  o.e.m.c.i.embedder.EclipseLogger - skip non existing resourceDirectory /Users/user/Desktop/OBSIDI ACADEMY/academy-java/src/test/resources
2025-01-25 10:57:51,305 [Worker-82: Building] ERROR o.e.m.c.i.URLConnectionCaches - Unexpected URLConnection defaultUseCaches enabled
2025-01-25 10:57:51,462 [Worker-82: Building] INFO  o.e.m.c.i.embedder.EclipseLogger - Using 'UTF-8' encoding to copy filtered resources.
2025-01-25 10:57:51,463 [Worker-82: Building] INFO  o.e.m.c.i.embedder.EclipseLogger - skip non existing resourceDirectory /Users/user/Desktop/OBSIDI ACADEMY/academy-java/src/main/resources
2025-01-25 10:57:51,473 [Worker-82: Building] INFO  o.e.m.c.i.embedder.EclipseLogger - Using 'UTF-8' encoding to copy filtered resources.
2025-01-25 10:57:51,474 [Worker-82: Building] INFO  o.e.m.c.i.embedder.EclipseLogger - skip non existing resourceDirectory /Users/user/Desktop/OBSIDI ACADEMY/academy-java/src/test/resources
2025-01-25 10:58:12,152 [Worker-83: Building] ERROR o.e.m.c.i.URLConnectionCaches - Unexpected URLConnection defaultUseCaches enabled
2025-01-25 10:58:12,182 [Worker-83: Building] INFO  o.e.m.c.i.embedder.EclipseLogger - Using 'UTF-8' encoding to copy filtered resources.
2025-01-25 10:58:12,182 [Worker-83: Building] INFO  o.e.m.c.i.embedder.EclipseLogger - skip non existing resourceDirectory /Users/user/Desktop/OBSIDI ACADEMY/academy-java/src/main/resources
2025-01-25 10:58:12,188 [Worker-83: Building] INFO  o.e.m.c.i.embedder.EclipseLogger - Using 'UTF-8' encoding to copy filtered resources.
2025-01-25 10:58:12,188 [Worker-83: Building] INFO  o.e.m.c.i.embedder.EclipseLogger - skip non existing resourceDirectory /Users/user/Desktop/OBSIDI ACADEMY/academy-java/src/test/resources
2025-01-25 11:00:01,072 [Worker-82: Launching Calculator] ERROR o.e.m.c.i.URLConnectionCaches - Unexpected URLConnection defaultUseCaches enabled
2025-01-25 11:00:01,095 [Worker-82: Launching Calculator] INFO  o.e.m.c.i.embedder.EclipseLogger - Using 'UTF-8' encoding to copy filtered resources.
2025-01-25 11:00:01,095 [Worker-82: Launching Calculator] INFO  o.e.m.c.i.embedder.EclipseLogger - skip non existing resourceDirectory /Users/user/Desktop/OBSIDI ACADEMY/academy-java/src/main/resources
2025-01-25 11:00:01,098 [Worker-82: Launching Calculator] INFO  o.e.m.c.i.embedder.EclipseLogger - Using 'UTF-8' encoding to copy filtered resources.
2025-01-25 11:00:01,098 [Worker-82: Launching Calculator] INFO  o.e.m.c.i.embedder.EclipseLogger - skip non existing resourceDirectory /Users/user/Desktop/OBSIDI ACADEMY/academy-java/src/test/resources
2025-01-25 11:03:21,107 [Worker-86: Building] ERROR o.e.m.c.i.URLConnectionCaches - Unexpected URLConnection defaultUseCaches enabled
2025-01-25 11:03:21,125 [Worker-86: Building] INFO  o.e.m.c.i.embedder.EclipseLogger - Using 'UTF-8' encoding to copy filtered resources.
2025-01-25 11:03:21,125 [Worker-86: Building] INFO  o.e.m.c.i.embedder.EclipseLogger - skip non existing resourceDirectory /Users/user/Desktop/OBSIDI ACADEMY/academy-java/src/main/resources
2025-01-25 11:03:21,126 [Worker-86: Building] INFO  o.e.m.c.i.embedder.EclipseLogger - Using 'UTF-8' encoding to copy filtered resources.
2025-01-25 11:03:21,126 [Worker-86: Building] INFO  o.e.m.c.i.embedder.EclipseLogger - skip non existing resourceDirectory /Users/user/Desktop/OBSIDI ACADEMY/academy-java/src/test/resources
2025-01-25 11:03:46,888 [Worker-85: Building] ERROR o.e.m.c.i.URLConnectionCaches - Unexpected URLConnection defaultUseCaches enabled
2025-01-25 11:03:46,896 [Worker-85: Building] INFO  o.e.m.c.i.embedder.EclipseLogger - Using 'UTF-8' encoding to copy filtered resources.
2025-01-25 11:03:46,896 [Worker-85: Building] INFO  o.e.m.c.i.embedder.EclipseLogger - skip non existing resourceDirectory /Users/user/Desktop/OBSIDI ACADEMY/academy-java/src/main/resources
2025-01-25 11:03:46,897 [Worker-85: Building] INFO  o.e.m.c.i.embedder.EclipseLogger - Using 'UTF-8' encoding to copy filtered resources.
2025-01-25 11:03:46,897 [Worker-85: Building] INFO  o.e.m.c.i.embedder.EclipseLogger - skip non existing resourceDirectory /Users/user/Desktop/OBSIDI ACADEMY/academy-java/src/test/resources
2025-01-25 11:08:48,284 [Worker-83: Launching Calculator] ERROR o.e.m.c.i.URLConnectionCaches - Unexpected URLConnection defaultUseCaches enabled
2025-01-25 11:08:48,302 [Worker-83: Launching Calculator] INFO  o.e.m.c.i.embedder.EclipseLogger - Using 'UTF-8' encoding to copy filtered resources.
2025-01-25 11:08:48,302 [Worker-83: Launching Calculator] INFO  o.e.m.c.i.embedder.EclipseLogger - skip non existing resourceDirectory /Users/user/Desktop/OBSIDI ACADEMY/academy-java/src/main/resources
2025-01-25 11:08:48,303 [Worker-83: Launching Calculator] INFO  o.e.m.c.i.embedder.EclipseLogger - Using 'UTF-8' encoding to copy filtered resources.
2025-01-25 11:08:48,303 [Worker-83: Launching Calculator] INFO  o.e.m.c.i.embedder.EclipseLogger - skip non existing resourceDirectory /Users/user/Desktop/OBSIDI ACADEMY/academy-java/src/test/resources
2025-01-25 11:12:13,470 [Worker-88: Launching StringOperations] ERROR o.e.m.c.i.URLConnectionCaches - Unexpected URLConnection defaultUseCaches enabled
2025-01-25 11:12:13,485 [Worker-88: Launching StringOperations] INFO  o.e.m.c.i.embedder.EclipseLogger - Using 'UTF-8' encoding to copy filtered resources.
2025-01-25 11:12:13,485 [Worker-88: Launching StringOperations] INFO  o.e.m.c.i.embedder.EclipseLogger - skip non existing resourceDirectory /Users/user/Desktop/OBSIDI ACADEMY/academy-java/src/main/resources
2025-01-25 11:12:13,487 [Worker-88: Launching StringOperations] INFO  o.e.m.c.i.embedder.EclipseLogger - Using 'UTF-8' encoding to copy filtered resources.
2025-01-25 11:12:13,487 [Worker-88: Launching StringOperations] INFO  o.e.m.c.i.embedder.EclipseLogger - skip non existing resourceDirectory /Users/user/Desktop/OBSIDI ACADEMY/academy-java/src/test/resources
2025-01-25 12:17:46,703 [Worker-91: Building] ERROR o.e.m.c.i.URLConnectionCaches - Unexpected URLConnection defaultUseCaches enabled
2025-01-25 12:17:46,729 [Worker-91: Building] INFO  o.e.m.c.i.embedder.EclipseLogger - Using 'UTF-8' encoding to copy filtered resources.
2025-01-25 12:17:46,729 [Worker-91: Building] INFO  o.e.m.c.i.embedder.EclipseLogger - skip non existing resourceDirectory /Users/user/Desktop/OBSIDI ACADEMY/academy-java/src/main/resources
2025-01-25 12:17:46,731 [Worker-91: Building] INFO  o.e.m.c.i.embedder.EclipseLogger - Using 'UTF-8' encoding to copy filtered resources.
2025-01-25 12:17:46,731 [Worker-91: Building] INFO  o.e.m.c.i.embedder.EclipseLogger - skip non existing resourceDirectory /Users/user/Desktop/OBSIDI ACADEMY/academy-java/src/test/resources
2025-01-25 12:18:07,303 [Worker-91: Building] ERROR o.e.m.c.i.URLConnectionCaches - Unexpected URLConnection defaultUseCaches enabled
2025-01-25 12:18:07,307 [Worker-91: Building] INFO  o.e.m.c.i.embedder.EclipseLogger - Using 'UTF-8' encoding to copy filtered resources.
2025-01-25 12:18:07,307 [Worker-91: Building] INFO  o.e.m.c.i.embedder.EclipseLogger - skip non existing resourceDirectory /Users/user/Desktop/OBSIDI ACADEMY/academy-java/src/main/resources
2025-01-25 12:18:07,308 [Worker-91: Building] INFO  o.e.m.c.i.embedder.EclipseLogger - Using 'UTF-8' encoding to copy filtered resources.
2025-01-25 12:18:07,309 [Worker-91: Building] INFO  o.e.m.c.i.embedder.EclipseLogger - skip non existing resourceDirectory /Users/user/Desktop/OBSIDI ACADEMY/academy-java/src/test/resources
2025-01-25 12:19:25,956 [Worker-95: Building] ERROR o.e.m.c.i.URLConnectionCaches - Unexpected URLConnection defaultUseCaches enabled
2025-01-25 12:19:25,982 [Worker-95: Building] INFO  o.e.m.c.i.embedder.EclipseLogger - Using 'UTF-8' encoding to copy filtered resources.
2025-01-25 12:19:25,982 [Worker-95: Building] INFO  o.e.m.c.i.embedder.EclipseLogger - skip non existing resourceDirectory /Users/user/Desktop/OBSIDI ACADEMY/academy-java/src/main/resources
2025-01-25 12:19:25,985 [Worker-95: Building] INFO  o.e.m.c.i.embedder.EclipseLogger - Using 'UTF-8' encoding to copy filtered resources.
2025-01-25 12:19:25,985 [Worker-95: Building] INFO  o.e.m.c.i.embedder.EclipseLogger - skip non existing resourceDirectory /Users/user/Desktop/OBSIDI ACADEMY/academy-java/src/test/resources
2025-01-25 12:19:33,865 [Worker-91: Launching WordEncryption] ERROR o.e.m.c.i.URLConnectionCaches - Unexpected URLConnection defaultUseCaches enabled
2025-01-25 12:19:33,901 [Worker-91: Launching WordEncryption] INFO  o.e.m.c.i.embedder.EclipseLogger - Using 'UTF-8' encoding to copy filtered resources.
2025-01-25 12:19:33,902 [Worker-91: Launching WordEncryption] INFO  o.e.m.c.i.embedder.EclipseLogger - skip non existing resourceDirectory /Users/user/Desktop/OBSIDI ACADEMY/academy-java/src/main/resources
2025-01-25 12:19:33,905 [Worker-91: Launching WordEncryption] INFO  o.e.m.c.i.embedder.EclipseLogger - Using 'UTF-8' encoding to copy filtered resources.
2025-01-25 12:19:33,905 [Worker-91: Launching WordEncryption] INFO  o.e.m.c.i.embedder.EclipseLogger - skip non existing resourceDirectory /Users/user/Desktop/OBSIDI ACADEMY/academy-java/src/test/resources
2025-01-25 12:34:19,464 [Worker-100: Building] ERROR o.e.m.c.i.URLConnectionCaches - Unexpected URLConnection defaultUseCaches enabled
2025-01-25 12:34:19,500 [Worker-100: Building] INFO  o.e.m.c.i.embedder.EclipseLogger - Using 'UTF-8' encoding to copy filtered resources.
2025-01-25 12:34:19,501 [Worker-100: Building] INFO  o.e.m.c.i.embedder.EclipseLogger - skip non existing resourceDirectory /Users/user/Desktop/OBSIDI ACADEMY/academy-java/src/main/resources
2025-01-25 12:34:19,504 [Worker-100: Building] INFO  o.e.m.c.i.embedder.EclipseLogger - Using 'UTF-8' encoding to copy filtered resources.
2025-01-25 12:34:19,504 [Worker-100: Building] INFO  o.e.m.c.i.embedder.EclipseLogger - skip non existing resourceDirectory /Users/user/Desktop/OBSIDI ACADEMY/academy-java/src/test/resources
2025-01-25 12:34:45,562 [Worker-98: Building] ERROR o.e.m.c.i.URLConnectionCaches - Unexpected URLConnection defaultUseCaches enabled
2025-01-25 12:34:45,567 [Worker-98: Building] INFO  o.e.m.c.i.embedder.EclipseLogger - Using 'UTF-8' encoding to copy filtered resources.
2025-01-25 12:34:45,567 [Worker-98: Building] INFO  o.e.m.c.i.embedder.EclipseLogger - skip non existing resourceDirectory /Users/user/Desktop/OBSIDI ACADEMY/academy-java/src/main/resources
2025-01-25 12:34:45,569 [Worker-98: Building] INFO  o.e.m.c.i.embedder.EclipseLogger - Using 'UTF-8' encoding to copy filtered resources.
2025-01-25 12:34:45,569 [Worker-98: Building] INFO  o.e.m.c.i.embedder.EclipseLogger - skip non existing resourceDirectory /Users/user/Desktop/OBSIDI ACADEMY/academy-java/src/test/resources
2025-01-25 12:35:37,210 [Worker-101: Building] ERROR o.e.m.c.i.URLConnectionCaches - Unexpected URLConnection defaultUseCaches enabled
2025-01-25 12:35:37,223 [Worker-101: Building] INFO  o.e.m.c.i.embedder.EclipseLogger - Using 'UTF-8' encoding to copy filtered resources.
2025-01-25 12:35:37,223 [Worker-101: Building] INFO  o.e.m.c.i.embedder.EclipseLogger - skip non existing resourceDirectory /Users/user/Desktop/OBSIDI ACADEMY/academy-java/src/main/resources
2025-01-25 12:35:37,225 [Worker-101: Building] INFO  o.e.m.c.i.embedder.EclipseLogger - Using 'UTF-8' encoding to copy filtered resources.
2025-01-25 12:35:37,225 [Worker-101: Building] INFO  o.e.m.c.i.embedder.EclipseLogger - skip non existing resourceDirectory /Users/user/Desktop/OBSIDI ACADEMY/academy-java/src/test/resources
2025-01-25 12:36:19,252 [Worker-102: Building] ERROR o.e.m.c.i.URLConnectionCaches - Unexpected URLConnection defaultUseCaches enabled
2025-01-25 12:36:19,264 [Worker-102: Building] INFO  o.e.m.c.i.embedder.EclipseLogger - Using 'UTF-8' encoding to copy filtered resources.
2025-01-25 12:36:19,264 [Worker-102: Building] INFO  o.e.m.c.i.embedder.EclipseLogger - skip non existing resourceDirectory /Users/user/Desktop/OBSIDI ACADEMY/academy-java/src/main/resources
2025-01-25 12:36:19,267 [Worker-102: Building] INFO  o.e.m.c.i.embedder.EclipseLogger - Using 'UTF-8' encoding to copy filtered resources.
2025-01-25 12:36:19,267 [Worker-102: Building] INFO  o.e.m.c.i.embedder.EclipseLogger - skip non existing resourceDirectory /Users/user/Desktop/OBSIDI ACADEMY/academy-java/src/test/resources
2025-01-25 12:40:36,192 [Worker-98: Building] ERROR o.e.m.c.i.URLConnectionCaches - Unexpected URLConnection defaultUseCaches enabled
2025-01-25 12:40:36,229 [Worker-98: Building] INFO  o.e.m.c.i.embedder.EclipseLogger - Using 'UTF-8' encoding to copy filtered resources.
2025-01-25 12:40:36,229 [Worker-98: Building] INFO  o.e.m.c.i.embedder.EclipseLogger - skip non existing resourceDirectory /Users/user/Desktop/OBSIDI ACADEMY/academy-java/src/main/resources
2025-01-25 12:40:36,231 [Worker-98: Building] INFO  o.e.m.c.i.embedder.EclipseLogger - Using 'UTF-8' encoding to copy filtered resources.
2025-01-25 12:40:36,231 [Worker-98: Building] INFO  o.e.m.c.i.embedder.EclipseLogger - skip non existing resourceDirectory /Users/user/Desktop/OBSIDI ACADEMY/academy-java/src/test/resources
2025-01-25 12:40:58,536 [Worker-105: Building] ERROR o.e.m.c.i.URLConnectionCaches - Unexpected URLConnection defaultUseCaches enabled
2025-01-25 12:40:58,539 [Worker-105: Building] INFO  o.e.m.c.i.embedder.EclipseLogger - Using 'UTF-8' encoding to copy filtered resources.
2025-01-25 12:40:58,540 [Worker-105: Building] INFO  o.e.m.c.i.embedder.EclipseLogger - skip non existing resourceDirectory /Users/user/Desktop/OBSIDI ACADEMY/academy-java/src/main/resources
2025-01-25 12:40:58,540 [Worker-105: Building] INFO  o.e.m.c.i.embedder.EclipseLogger - Using 'UTF-8' encoding to copy filtered resources.
2025-01-25 12:40:58,540 [Worker-105: Building] INFO  o.e.m.c.i.embedder.EclipseLogger - skip non existing resourceDirectory /Users/user/Desktop/OBSIDI ACADEMY/academy-java/src/test/resources
2025-01-25 12:41:36,407 [Worker-105: Building] ERROR o.e.m.c.i.URLConnectionCaches - Unexpected URLConnection defaultUseCaches enabled
2025-01-25 12:41:36,412 [Worker-105: Building] INFO  o.e.m.c.i.embedder.EclipseLogger - Using 'UTF-8' encoding to copy filtered resources.
2025-01-25 12:41:36,412 [Worker-105: Building] INFO  o.e.m.c.i.embedder.EclipseLogger - skip non existing resourceDirectory /Users/user/Desktop/OBSIDI ACADEMY/academy-java/src/main/resources
2025-01-25 12:41:36,412 [Worker-105: Building] INFO  o.e.m.c.i.embedder.EclipseLogger - Using 'UTF-8' encoding to copy filtered resources.
2025-01-25 12:41:36,412 [Worker-105: Building] INFO  o.e.m.c.i.embedder.EclipseLogger - skip non existing resourceDirectory /Users/user/Desktop/OBSIDI ACADEMY/academy-java/src/test/resources
2025-01-25 23:23:35,247 [Worker-115: Building] ERROR o.e.m.c.i.URLConnectionCaches - Unexpected URLConnection defaultUseCaches enabled
2025-01-25 23:23:35,310 [Worker-115: Building] INFO  o.e.m.c.i.embedder.EclipseLogger - Using 'UTF-8' encoding to copy filtered resources.
2025-01-25 23:23:35,310 [Worker-115: Building] INFO  o.e.m.c.i.embedder.EclipseLogger - skip non existing resourceDirectory /Users/user/Desktop/OBSIDI ACADEMY/academy-java/src/main/resources
2025-01-25 23:23:35,313 [Worker-115: Building] INFO  o.e.m.c.i.embedder.EclipseLogger - Using 'UTF-8' encoding to copy filtered resources.
2025-01-25 23:23:35,313 [Worker-115: Building] INFO  o.e.m.c.i.embedder.EclipseLogger - skip non existing resourceDirectory /Users/user/Desktop/OBSIDI ACADEMY/academy-java/src/test/resources
2025-01-25 23:36:58,117 [Worker-112: Building] ERROR o.e.m.c.i.URLConnectionCaches - Unexpected URLConnection defaultUseCaches enabled
2025-01-25 23:36:58,136 [Worker-112: Building] INFO  o.e.m.c.i.embedder.EclipseLogger - Using 'UTF-8' encoding to copy filtered resources.
2025-01-25 23:36:58,137 [Worker-112: Building] INFO  o.e.m.c.i.embedder.EclipseLogger - skip non existing resourceDirectory /Users/user/Desktop/OBSIDI ACADEMY/academy-java/src/main/resources
2025-01-25 23:36:58,137 [Worker-112: Building] INFO  o.e.m.c.i.embedder.EclipseLogger - Using 'UTF-8' encoding to copy filtered resources.
2025-01-25 23:36:58,138 [Worker-112: Building] INFO  o.e.m.c.i.embedder.EclipseLogger - skip non existing resourceDirectory /Users/user/Desktop/OBSIDI ACADEMY/academy-java/src/test/resources
2025-01-26 21:20:04,393 [Worker-126: Building] ERROR o.e.m.c.i.URLConnectionCaches - Unexpected URLConnection defaultUseCaches enabled
2025-01-26 21:20:04,641 [Worker-126: Building] INFO  o.e.m.c.i.embedder.EclipseLogger - Using 'UTF-8' encoding to copy filtered resources.
2025-01-26 21:20:04,641 [Worker-126: Building] INFO  o.e.m.c.i.embedder.EclipseLogger - skip non existing resourceDirectory /Users/user/Desktop/OBSIDI ACADEMY/academy-java/src/main/resources
2025-01-26 21:20:04,648 [Worker-126: Building] INFO  o.e.m.c.i.embedder.EclipseLogger - Using 'UTF-8' encoding to copy filtered resources.
2025-01-26 21:20:04,648 [Worker-126: Building] INFO  o.e.m.c.i.embedder.EclipseLogger - skip non existing resourceDirectory /Users/user/Desktop/OBSIDI ACADEMY/academy-java/src/test/resources
2025-01-26 21:20:30,413 [Worker-128: Building] ERROR o.e.m.c.i.URLConnectionCaches - Unexpected URLConnection defaultUseCaches enabled
2025-01-26 21:20:30,452 [Worker-128: Building] INFO  o.e.m.c.i.embedder.EclipseLogger - Using 'UTF-8' encoding to copy filtered resources.
2025-01-26 21:20:30,452 [Worker-128: Building] INFO  o.e.m.c.i.embedder.EclipseLogger - skip non existing resourceDirectory /Users/user/Desktop/OBSIDI ACADEMY/academy-java/src/main/resources
2025-01-26 21:20:30,455 [Worker-128: Building] INFO  o.e.m.c.i.embedder.EclipseLogger - Using 'UTF-8' encoding to copy filtered resources.
2025-01-26 21:20:30,455 [Worker-128: Building] INFO  o.e.m.c.i.embedder.EclipseLogger - skip non existing resourceDirectory /Users/user/Desktop/OBSIDI ACADEMY/academy-java/src/test/resources
2025-01-26 21:36:45,486 [Worker-133: Building] ERROR o.e.m.c.i.URLConnectionCaches - Unexpected URLConnection defaultUseCaches enabled
2025-01-26 21:36:45,545 [Worker-133: Building] INFO  o.e.m.c.i.embedder.EclipseLogger - Using 'UTF-8' encoding to copy filtered resources.
2025-01-26 21:36:45,545 [Worker-133: Building] INFO  o.e.m.c.i.embedder.EclipseLogger - skip non existing resourceDirectory /Users/user/Desktop/OBSIDI ACADEMY/academy-java/src/main/resources
2025-01-26 21:36:45,551 [Worker-133: Building] INFO  o.e.m.c.i.embedder.EclipseLogger - Using 'UTF-8' encoding to copy filtered resources.
2025-01-26 21:36:45,551 [Worker-133: Building] INFO  o.e.m.c.i.embedder.EclipseLogger - skip non existing resourceDirectory /Users/user/Desktop/OBSIDI ACADEMY/academy-java/src/test/resources
2025-01-26 21:38:57,668 [Worker-135: Building] ERROR o.e.m.c.i.URLConnectionCaches - Unexpected URLConnection defaultUseCaches enabled
2025-01-26 21:38:57,679 [Worker-135: Building] INFO  o.e.m.c.i.embedder.EclipseLogger - Using 'UTF-8' encoding to copy filtered resources.
2025-01-26 21:38:57,679 [Worker-135: Building] INFO  o.e.m.c.i.embedder.EclipseLogger - skip non existing resourceDirectory /Users/user/Desktop/OBSIDI ACADEMY/academy-java/src/main/resources
2025-01-26 21:38:57,685 [Worker-135: Building] INFO  o.e.m.c.i.embedder.EclipseLogger - Using 'UTF-8' encoding to copy filtered resources.
2025-01-26 21:38:57,685 [Worker-135: Building] INFO  o.e.m.c.i.embedder.EclipseLogger - skip non existing resourceDirectory /Users/user/Desktop/OBSIDI ACADEMY/academy-java/src/test/resources
2025-01-26 21:41:15,351 [Worker-137: Building] ERROR o.e.m.c.i.URLConnectionCaches - Unexpected URLConnection defaultUseCaches enabled
2025-01-26 21:41:15,376 [Worker-137: Building] INFO  o.e.m.c.i.embedder.EclipseLogger - Using 'UTF-8' encoding to copy filtered resources.
2025-01-26 21:41:15,376 [Worker-137: Building] INFO  o.e.m.c.i.embedder.EclipseLogger - skip non existing resourceDirectory /Users/user/Desktop/OBSIDI ACADEMY/academy-java/src/main/resources
2025-01-26 21:41:15,380 [Worker-137: Building] INFO  o.e.m.c.i.embedder.EclipseLogger - Using 'UTF-8' encoding to copy filtered resources.
2025-01-26 21:41:15,381 [Worker-137: Building] INFO  o.e.m.c.i.embedder.EclipseLogger - skip non existing resourceDirectory /Users/user/Desktop/OBSIDI ACADEMY/academy-java/src/test/resources
2025-01-26 21:48:41,084 [Worker-136: Building] ERROR o.e.m.c.i.URLConnectionCaches - Unexpected URLConnection defaultUseCaches enabled
2025-01-26 21:48:41,145 [Worker-136: Building] INFO  o.e.m.c.i.embedder.EclipseLogger - Using 'UTF-8' encoding to copy filtered resources.
2025-01-26 21:48:41,145 [Worker-136: Building] INFO  o.e.m.c.i.embedder.EclipseLogger - skip non existing resourceDirectory /Users/user/Desktop/OBSIDI ACADEMY/academy-java/src/main/resources
2025-01-26 21:48:41,151 [Worker-136: Building] INFO  o.e.m.c.i.embedder.EclipseLogger - Using 'UTF-8' encoding to copy filtered resources.
2025-01-26 21:48:41,154 [Worker-136: Building] INFO  o.e.m.c.i.embedder.EclipseLogger - skip non existing resourceDirectory /Users/user/Desktop/OBSIDI ACADEMY/academy-java/src/test/resources
2025-01-26 22:07:55,922 [Worker-153: Building] ERROR o.e.m.c.i.URLConnectionCaches - Unexpected URLConnection defaultUseCaches enabled
2025-01-26 22:07:55,993 [Worker-153: Building] INFO  o.e.m.c.i.embedder.EclipseLogger - Using 'UTF-8' encoding to copy filtered resources.
2025-01-26 22:07:55,993 [Worker-153: Building] INFO  o.e.m.c.i.embedder.EclipseLogger - skip non existing resourceDirectory /Users/user/Desktop/OBSIDI ACADEMY/academy-java/src/main/resources
2025-01-26 22:07:55,995 [Worker-153: Building] INFO  o.e.m.c.i.embedder.EclipseLogger - Using 'UTF-8' encoding to copy filtered resources.
2025-01-26 22:07:55,995 [Worker-153: Building] INFO  o.e.m.c.i.embedder.EclipseLogger - skip non existing resourceDirectory /Users/user/Desktop/OBSIDI ACADEMY/academy-java/src/test/resources
2025-01-26 22:09:37,288 [Worker-154: Building] ERROR o.e.m.c.i.URLConnectionCaches - Unexpected URLConnection defaultUseCaches enabled
2025-01-26 22:09:37,314 [Worker-154: Building] INFO  o.e.m.c.i.embedder.EclipseLogger - Using 'UTF-8' encoding to copy filtered resources.
2025-01-26 22:09:37,314 [Worker-154: Building] INFO  o.e.m.c.i.embedder.EclipseLogger - skip non existing resourceDirectory /Users/user/Desktop/OBSIDI ACADEMY/academy-java/src/main/resources
2025-01-26 22:09:37,316 [Worker-154: Building] INFO  o.e.m.c.i.embedder.EclipseLogger - Using 'UTF-8' encoding to copy filtered resources.
2025-01-26 22:09:37,316 [Worker-154: Building] INFO  o.e.m.c.i.embedder.EclipseLogger - skip non existing resourceDirectory /Users/user/Desktop/OBSIDI ACADEMY/academy-java/src/test/resources
2025-01-26 22:10:25,187 [Worker-152: Building] ERROR o.e.m.c.i.URLConnectionCaches - Unexpected URLConnection defaultUseCaches enabled
2025-01-26 22:10:25,198 [Worker-152: Building] INFO  o.e.m.c.i.embedder.EclipseLogger - Using 'UTF-8' encoding to copy filtered resources.
2025-01-26 22:10:25,198 [Worker-152: Building] INFO  o.e.m.c.i.embedder.EclipseLogger - skip non existing resourceDirectory /Users/user/Desktop/OBSIDI ACADEMY/academy-java/src/main/resources
2025-01-26 22:10:25,199 [Worker-152: Building] INFO  o.e.m.c.i.embedder.EclipseLogger - Using 'UTF-8' encoding to copy filtered resources.
2025-01-26 22:10:25,199 [Worker-152: Building] INFO  o.e.m.c.i.embedder.EclipseLogger - skip non existing resourceDirectory /Users/user/Desktop/OBSIDI ACADEMY/academy-java/src/test/resources
2025-01-26 22:11:44,691 [Worker-157: Building] ERROR o.e.m.c.i.URLConnectionCaches - Unexpected URLConnection defaultUseCaches enabled
2025-01-26 22:11:44,710 [Worker-157: Building] INFO  o.e.m.c.i.embedder.EclipseLogger - Using 'UTF-8' encoding to copy filtered resources.
2025-01-26 22:11:44,711 [Worker-157: Building] INFO  o.e.m.c.i.embedder.EclipseLogger - skip non existing resourceDirectory /Users/user/Desktop/OBSIDI ACADEMY/academy-java/src/main/resources
2025-01-26 22:11:44,712 [Worker-157: Building] INFO  o.e.m.c.i.embedder.EclipseLogger - Using 'UTF-8' encoding to copy filtered resources.
2025-01-26 22:11:44,712 [Worker-157: Building] INFO  o.e.m.c.i.embedder.EclipseLogger - skip non existing resourceDirectory /Users/user/Desktop/OBSIDI ACADEMY/academy-java/src/test/resources
2025-01-26 22:12:28,277 [Worker-156: Building] ERROR o.e.m.c.i.URLConnectionCaches - Unexpected URLConnection defaultUseCaches enabled
2025-01-26 22:12:28,299 [Worker-156: Building] INFO  o.e.m.c.i.embedder.EclipseLogger - Using 'UTF-8' encoding to copy filtered resources.
2025-01-26 22:12:28,299 [Worker-156: Building] INFO  o.e.m.c.i.embedder.EclipseLogger - skip non existing resourceDirectory /Users/user/Desktop/OBSIDI ACADEMY/academy-java/src/main/resources
2025-01-26 22:12:28,300 [Worker-156: Building] INFO  o.e.m.c.i.embedder.EclipseLogger - Using 'UTF-8' encoding to copy filtered resources.
2025-01-26 22:12:28,300 [Worker-156: Building] INFO  o.e.m.c.i.embedder.EclipseLogger - skip non existing resourceDirectory /Users/user/Desktop/OBSIDI ACADEMY/academy-java/src/test/resources
2025-01-26 22:13:00,883 [Worker-159: Building] ERROR o.e.m.c.i.URLConnectionCaches - Unexpected URLConnection defaultUseCaches enabled
2025-01-26 22:13:00,893 [Worker-159: Building] INFO  o.e.m.c.i.embedder.EclipseLogger - Using 'UTF-8' encoding to copy filtered resources.
2025-01-26 22:13:00,893 [Worker-159: Building] INFO  o.e.m.c.i.embedder.EclipseLogger - skip non existing resourceDirectory /Users/user/Desktop/OBSIDI ACADEMY/academy-java/src/main/resources
2025-01-26 22:13:00,894 [Worker-159: Building] INFO  o.e.m.c.i.embedder.EclipseLogger - Using 'UTF-8' encoding to copy filtered resources.
2025-01-26 22:13:00,894 [Worker-159: Building] INFO  o.e.m.c.i.embedder.EclipseLogger - skip non existing resourceDirectory /Users/user/Desktop/OBSIDI ACADEMY/academy-java/src/test/resources
2025-01-26 22:13:28,879 [Worker-161: Building] ERROR o.e.m.c.i.URLConnectionCaches - Unexpected URLConnection defaultUseCaches enabled
2025-01-26 22:13:28,901 [Worker-161: Building] INFO  o.e.m.c.i.embedder.EclipseLogger - Using 'UTF-8' encoding to copy filtered resources.
2025-01-26 22:13:28,901 [Worker-161: Building] INFO  o.e.m.c.i.embedder.EclipseLogger - skip non existing resourceDirectory /Users/user/Desktop/OBSIDI ACADEMY/academy-java/src/main/resources
2025-01-26 22:13:28,903 [Worker-161: Building] INFO  o.e.m.c.i.embedder.EclipseLogger - Using 'UTF-8' encoding to copy filtered resources.
2025-01-26 22:13:28,903 [Worker-161: Building] INFO  o.e.m.c.i.embedder.EclipseLogger - skip non existing resourceDirectory /Users/user/Desktop/OBSIDI ACADEMY/academy-java/src/test/resources
2025-01-26 22:14:59,018 [Worker-157: Building] ERROR o.e.m.c.i.URLConnectionCaches - Unexpected URLConnection defaultUseCaches enabled
2025-01-26 22:14:59,081 [Worker-157: Building] INFO  o.e.m.c.i.embedder.EclipseLogger - Using 'UTF-8' encoding to copy filtered resources.
2025-01-26 22:14:59,082 [Worker-157: Building] INFO  o.e.m.c.i.embedder.EclipseLogger - skip non existing resourceDirectory /Users/user/Desktop/OBSIDI ACADEMY/academy-java/src/main/resources
2025-01-26 22:14:59,083 [Worker-157: Building] INFO  o.e.m.c.i.embedder.EclipseLogger - Using 'UTF-8' encoding to copy filtered resources.
2025-01-26 22:14:59,084 [Worker-157: Building] INFO  o.e.m.c.i.embedder.EclipseLogger - skip non existing resourceDirectory /Users/user/Desktop/OBSIDI ACADEMY/academy-java/src/test/resources
2025-01-26 23:32:26,329 [Worker-154: Building] ERROR o.e.m.c.i.URLConnectionCaches - Unexpected URLConnection defaultUseCaches enabled
2025-01-26 23:32:26,587 [Worker-154: Building] INFO  o.e.m.c.i.embedder.EclipseLogger - Using 'UTF-8' encoding to copy filtered resources.
2025-01-26 23:32:26,592 [Worker-154: Building] INFO  o.e.m.c.i.embedder.EclipseLogger - skip non existing resourceDirectory /Users/user/Desktop/OBSIDI ACADEMY/academy-java/src/main/resources
2025-01-26 23:32:26,601 [Worker-154: Building] INFO  o.e.m.c.i.embedder.EclipseLogger - Using 'UTF-8' encoding to copy filtered resources.
2025-01-26 23:32:26,601 [Worker-154: Building] INFO  o.e.m.c.i.embedder.EclipseLogger - skip non existing resourceDirectory /Users/user/Desktop/OBSIDI ACADEMY/academy-java/src/test/resources
2025-01-26 23:32:56,979 [Worker-165: Building] ERROR o.e.m.c.i.URLConnectionCaches - Unexpected URLConnection defaultUseCaches enabled
2025-01-26 23:32:56,999 [Worker-165: Building] INFO  o.e.m.c.i.embedder.EclipseLogger - Using 'UTF-8' encoding to copy filtered resources.
2025-01-26 23:32:57,000 [Worker-165: Building] INFO  o.e.m.c.i.embedder.EclipseLogger - skip non existing resourceDirectory /Users/user/Desktop/OBSIDI ACADEMY/academy-java/src/main/resources
2025-01-26 23:32:57,006 [Worker-165: Building] INFO  o.e.m.c.i.embedder.EclipseLogger - Using 'UTF-8' encoding to copy filtered resources.
2025-01-26 23:32:57,006 [Worker-165: Building] INFO  o.e.m.c.i.embedder.EclipseLogger - skip non existing resourceDirectory /Users/user/Desktop/OBSIDI ACADEMY/academy-java/src/test/resources
2025-01-26 23:35:54,204 [Worker-165: Building] ERROR o.e.m.c.i.URLConnectionCaches - Unexpected URLConnection defaultUseCaches enabled
2025-01-26 23:35:54,261 [Worker-165: Building] INFO  o.e.m.c.i.embedder.EclipseLogger - Using 'UTF-8' encoding to copy filtered resources.
2025-01-26 23:35:54,263 [Worker-165: Building] INFO  o.e.m.c.i.embedder.EclipseLogger - skip non existing resourceDirectory /Users/user/Desktop/OBSIDI ACADEMY/academy-java/src/main/resources
2025-01-26 23:35:54,266 [Worker-165: Building] INFO  o.e.m.c.i.embedder.EclipseLogger - Using 'UTF-8' encoding to copy filtered resources.
2025-01-26 23:35:54,266 [Worker-165: Building] INFO  o.e.m.c.i.embedder.EclipseLogger - skip non existing resourceDirectory /Users/user/Desktop/OBSIDI ACADEMY/academy-java/src/test/resources
2025-01-26 23:36:07,191 [Worker-166: Building] ERROR o.e.m.c.i.URLConnectionCaches - Unexpected URLConnection defaultUseCaches enabled
2025-01-26 23:36:07,199 [Worker-166: Building] INFO  o.e.m.c.i.embedder.EclipseLogger - Using 'UTF-8' encoding to copy filtered resources.
2025-01-26 23:36:07,199 [Worker-166: Building] INFO  o.e.m.c.i.embedder.EclipseLogger - skip non existing resourceDirectory /Users/user/Desktop/OBSIDI ACADEMY/academy-java/src/main/resources
2025-01-26 23:36:07,201 [Worker-166: Building] INFO  o.e.m.c.i.embedder.EclipseLogger - Using 'UTF-8' encoding to copy filtered resources.
2025-01-26 23:36:07,201 [Worker-166: Building] INFO  o.e.m.c.i.embedder.EclipseLogger - skip non existing resourceDirectory /Users/user/Desktop/OBSIDI ACADEMY/academy-java/src/test/resources
2025-01-27 20:13:59,246 [Worker-184: Building] ERROR o.e.m.c.i.URLConnectionCaches - Unexpected URLConnection defaultUseCaches enabled
2025-01-27 20:13:59,355 [Worker-184: Building] INFO  o.e.m.c.i.embedder.EclipseLogger - Using 'UTF-8' encoding to copy filtered resources.
2025-01-27 20:13:59,355 [Worker-184: Building] INFO  o.e.m.c.i.embedder.EclipseLogger - skip non existing resourceDirectory /Users/user/Desktop/OBSIDI ACADEMY/academy-java/src/main/resources
2025-01-27 20:13:59,358 [Worker-184: Building] INFO  o.e.m.c.i.embedder.EclipseLogger - Using 'UTF-8' encoding to copy filtered resources.
2025-01-27 20:13:59,358 [Worker-184: Building] INFO  o.e.m.c.i.embedder.EclipseLogger - skip non existing resourceDirectory /Users/user/Desktop/OBSIDI ACADEMY/academy-java/src/test/resources
2025-01-27 20:14:46,740 [Worker-133: Building] ERROR o.e.m.c.i.URLConnectionCaches - Unexpected URLConnection defaultUseCaches enabled
2025-01-27 20:14:46,920 [Worker-133: Building] INFO  o.e.m.c.i.embedder.EclipseLogger - Using 'UTF-8' encoding to copy filtered resources.
2025-01-27 20:14:46,920 [Worker-133: Building] INFO  o.e.m.c.i.embedder.EclipseLogger - skip non existing resourceDirectory /Users/user/Desktop/OBSIDI ACADEMY/academy-java/src/main/resources
2025-01-27 20:14:46,925 [Worker-133: Building] INFO  o.e.m.c.i.embedder.EclipseLogger - Using 'UTF-8' encoding to copy filtered resources.
2025-01-27 20:14:46,925 [Worker-133: Building] INFO  o.e.m.c.i.embedder.EclipseLogger - skip non existing resourceDirectory /Users/user/Desktop/OBSIDI ACADEMY/academy-java/src/test/resources
2025-01-27 20:15:06,623 [Worker-186: Building] ERROR o.e.m.c.i.URLConnectionCaches - Unexpected URLConnection defaultUseCaches enabled
2025-01-27 20:15:06,677 [Worker-186: Building] INFO  o.e.m.c.i.embedder.EclipseLogger - Using 'UTF-8' encoding to copy filtered resources.
2025-01-27 20:15:06,677 [Worker-186: Building] INFO  o.e.m.c.i.embedder.EclipseLogger - skip non existing resourceDirectory /Users/user/Desktop/OBSIDI ACADEMY/academy-java/src/main/resources
2025-01-27 20:15:06,680 [Worker-186: Building] INFO  o.e.m.c.i.embedder.EclipseLogger - Using 'UTF-8' encoding to copy filtered resources.
2025-01-27 20:15:06,680 [Worker-186: Building] INFO  o.e.m.c.i.embedder.EclipseLogger - skip non existing resourceDirectory /Users/user/Desktop/OBSIDI ACADEMY/academy-java/src/test/resources
2025-01-27 20:15:20,692 [Worker-186: Building] ERROR o.e.m.c.i.URLConnectionCaches - Unexpected URLConnection defaultUseCaches enabled
2025-01-27 20:15:20,766 [Worker-186: Building] INFO  o.e.m.c.i.embedder.EclipseLogger - Using 'UTF-8' encoding to copy filtered resources.
2025-01-27 20:15:20,767 [Worker-186: Building] INFO  o.e.m.c.i.embedder.EclipseLogger - skip non existing resourceDirectory /Users/user/Desktop/OBSIDI ACADEMY/academy-java/src/main/resources
2025-01-27 20:15:20,771 [Worker-186: Building] INFO  o.e.m.c.i.embedder.EclipseLogger - Using 'UTF-8' encoding to copy filtered resources.
2025-01-27 20:15:20,771 [Worker-186: Building] INFO  o.e.m.c.i.embedder.EclipseLogger - skip non existing resourceDirectory /Users/user/Desktop/OBSIDI ACADEMY/academy-java/src/test/resources
2025-01-27 20:44:13,654 [Worker-195: Launching Main] ERROR o.e.m.c.i.URLConnectionCaches - Unexpected URLConnection defaultUseCaches enabled
2025-01-27 20:44:13,717 [Worker-195: Launching Main] INFO  o.e.m.c.i.embedder.EclipseLogger - Using 'UTF-8' encoding to copy filtered resources.
2025-01-27 20:44:13,718 [Worker-195: Launching Main] INFO  o.e.m.c.i.embedder.EclipseLogger - skip non existing resourceDirectory /Users/user/Desktop/OBSIDI ACADEMY/academy-java/src/main/resources
2025-01-27 20:44:13,720 [Worker-195: Launching Main] INFO  o.e.m.c.i.embedder.EclipseLogger - Using 'UTF-8' encoding to copy filtered resources.
2025-01-27 20:44:13,720 [Worker-195: Launching Main] INFO  o.e.m.c.i.embedder.EclipseLogger - skip non existing resourceDirectory /Users/user/Desktop/OBSIDI ACADEMY/academy-java/src/test/resources
2025-01-27 21:12:11,324 [Worker-202: Building] ERROR o.e.m.c.i.URLConnectionCaches - Unexpected URLConnection defaultUseCaches enabled
2025-01-27 21:12:11,434 [Worker-202: Building] INFO  o.e.m.c.i.embedder.EclipseLogger - Using 'UTF-8' encoding to copy filtered resources.
2025-01-27 21:12:11,434 [Worker-202: Building] INFO  o.e.m.c.i.embedder.EclipseLogger - skip non existing resourceDirectory /Users/user/Desktop/OBSIDI ACADEMY/academy-java/src/main/resources
2025-01-27 21:12:11,455 [Worker-202: Building] INFO  o.e.m.c.i.embedder.EclipseLogger - Using 'UTF-8' encoding to copy filtered resources.
2025-01-27 21:12:11,457 [Worker-202: Building] INFO  o.e.m.c.i.embedder.EclipseLogger - skip non existing resourceDirectory /Users/user/Desktop/OBSIDI ACADEMY/academy-java/src/test/resources
2025-01-28 20:06:08,454 [JGit-FileStoreAttributeWriter-2] ERROR org.eclipse.jgit.util.FS - Cannot save config file 'FileBasedConfig[/Users/user/.config/jgit/config]'
java.io.IOException: Creating directories for /Users/user/.config/jgit failed
	at org.eclipse.jgit.util.FileUtils.mkdirs(FileUtils.java:411)
	at org.eclipse.jgit.internal.storage.file.LockFile.lock(LockFile.java:130)
	at org.eclipse.jgit.storage.file.FileBasedConfig.save(FileBasedConfig.java:219)
	at org.eclipse.jgit.util.FS$FileStoreAttributes.saveToConfig(FS.java:735)
	at org.eclipse.jgit.util.FS$FileStoreAttributes.lambda$4(FS.java:424)
	at java.base/java.util.concurrent.ThreadPoolExecutor.runWorker(ThreadPoolExecutor.java:1144)
	at java.base/java.util.concurrent.ThreadPoolExecutor$Worker.run(ThreadPoolExecutor.java:642)
	at java.base/java.lang.Thread.run(Thread.java:1589)
2025-01-28 20:06:11,597 [Worker-11: Loading available Gradle versions] INFO  o.e.b.c.i.u.g.PublishedGradleVersions - Gradle version information cache is out-of-date. Trying to update.
2025-01-29 10:42:30,354 [Worker-42: Building] INFO  o.e.m.c.i.embedder.EclipseLogger - Using 'UTF-8' encoding to copy filtered resources.
2025-01-29 10:42:30,359 [Worker-42: Building] INFO  o.e.m.c.i.embedder.EclipseLogger - skip non existing resourceDirectory /Users/user/Desktop/OBSIDI ACADEMY/academy-java/src/main/resources
2025-01-29 10:42:30,363 [Worker-42: Building] INFO  o.e.m.c.i.embedder.EclipseLogger - Using 'UTF-8' encoding to copy filtered resources.
2025-01-29 10:42:30,363 [Worker-42: Building] INFO  o.e.m.c.i.embedder.EclipseLogger - skip non existing resourceDirectory /Users/user/Desktop/OBSIDI ACADEMY/academy-java/src/test/resources
2025-01-29 10:42:41,756 [Worker-35: Building] INFO  o.e.m.c.i.embedder.EclipseLogger - Using 'UTF-8' encoding to copy filtered resources.
2025-01-29 10:42:41,757 [Worker-35: Building] INFO  o.e.m.c.i.embedder.EclipseLogger - skip non existing resourceDirectory /Users/user/Desktop/OBSIDI ACADEMY/academy-java/src/main/resources
2025-01-29 10:42:41,766 [Worker-35: Building] INFO  o.e.m.c.i.embedder.EclipseLogger - Using 'UTF-8' encoding to copy filtered resources.
2025-01-29 10:42:41,767 [Worker-35: Building] INFO  o.e.m.c.i.embedder.EclipseLogger - skip non existing resourceDirectory /Users/user/Desktop/OBSIDI ACADEMY/academy-java/src/test/resources
2025-01-30 10:18:01,112 [Worker-5: Loading available Gradle versions] INFO  o.e.b.c.i.u.g.PublishedGradleVersions - Gradle version information cache is out-of-date. Trying to update.
2025-01-30 10:18:09,060 [JGit-FileStoreAttributeWriter-2] ERROR org.eclipse.jgit.util.FS - Cannot save config file 'FileBasedConfig[/Users/user/.config/jgit/config]'
java.io.IOException: Creating directories for /Users/user/.config/jgit failed
	at org.eclipse.jgit.util.FileUtils.mkdirs(FileUtils.java:411)
	at org.eclipse.jgit.internal.storage.file.LockFile.lock(LockFile.java:130)
	at org.eclipse.jgit.storage.file.FileBasedConfig.save(FileBasedConfig.java:219)
	at org.eclipse.jgit.util.FS$FileStoreAttributes.saveToConfig(FS.java:735)
	at org.eclipse.jgit.util.FS$FileStoreAttributes.lambda$4(FS.java:424)
	at java.base/java.util.concurrent.ThreadPoolExecutor.runWorker(ThreadPoolExecutor.java:1144)
	at java.base/java.util.concurrent.ThreadPoolExecutor$Worker.run(ThreadPoolExecutor.java:642)
	at java.base/java.lang.Thread.run(Thread.java:1589)
2025-01-30 10:20:10,329 [Worker-43: Building] INFO  o.e.m.c.i.embedder.EclipseLogger - Using 'UTF-8' encoding to copy filtered resources.
2025-01-30 10:20:10,332 [Worker-43: Building] INFO  o.e.m.c.i.embedder.EclipseLogger - skip non existing resourceDirectory /Users/user/Desktop/OBSIDI ACADEMY/academy-java/src/main/resources
2025-01-30 10:20:10,336 [Worker-43: Building] INFO  o.e.m.c.i.embedder.EclipseLogger - Using 'UTF-8' encoding to copy filtered resources.
2025-01-30 10:20:10,336 [Worker-43: Building] INFO  o.e.m.c.i.embedder.EclipseLogger - skip non existing resourceDirectory /Users/user/Desktop/OBSIDI ACADEMY/academy-java/src/test/resources
2025-01-30 10:20:20,523 [Worker-28: Building] INFO  o.e.m.c.i.embedder.EclipseLogger - Using 'UTF-8' encoding to copy filtered resources.
2025-01-30 10:20:20,525 [Worker-28: Building] INFO  o.e.m.c.i.embedder.EclipseLogger - skip non existing resourceDirectory /Users/user/Desktop/OBSIDI ACADEMY/academy-java/src/main/resources
2025-01-30 10:20:20,529 [Worker-28: Building] INFO  o.e.m.c.i.embedder.EclipseLogger - Using 'UTF-8' encoding to copy filtered resources.
2025-01-30 10:20:20,529 [Worker-28: Building] INFO  o.e.m.c.i.embedder.EclipseLogger - skip non existing resourceDirectory /Users/user/Desktop/OBSIDI ACADEMY/academy-java/src/test/resources
2025-01-30 10:21:06,669 [Worker-28: Building] INFO  o.e.m.c.i.embedder.EclipseLogger - Using 'UTF-8' encoding to copy filtered resources.
2025-01-30 10:21:06,670 [Worker-28: Building] INFO  o.e.m.c.i.embedder.EclipseLogger - skip non existing resourceDirectory /Users/user/Desktop/OBSIDI ACADEMY/academy-java/src/main/resources
2025-01-30 10:21:06,674 [Worker-28: Building] INFO  o.e.m.c.i.embedder.EclipseLogger - Using 'UTF-8' encoding to copy filtered resources.
2025-01-30 10:21:06,674 [Worker-28: Building] INFO  o.e.m.c.i.embedder.EclipseLogger - skip non existing resourceDirectory /Users/user/Desktop/OBSIDI ACADEMY/academy-java/src/test/resources
2025-01-30 10:21:25,056 [Worker-45: Building] INFO  o.e.m.c.i.embedder.EclipseLogger - Using 'UTF-8' encoding to copy filtered resources.
2025-01-30 10:21:25,058 [Worker-45: Building] INFO  o.e.m.c.i.embedder.EclipseLogger - skip non existing resourceDirectory /Users/user/Desktop/OBSIDI ACADEMY/academy-java/src/main/resources
2025-01-30 10:21:25,062 [Worker-45: Building] INFO  o.e.m.c.i.embedder.EclipseLogger - Using 'UTF-8' encoding to copy filtered resources.
2025-01-30 10:21:25,062 [Worker-45: Building] INFO  o.e.m.c.i.embedder.EclipseLogger - skip non existing resourceDirectory /Users/user/Desktop/OBSIDI ACADEMY/academy-java/src/test/resources
2025-01-31 15:46:10,736 [Worker-65: Building] INFO  o.e.m.c.i.embedder.EclipseLogger - Using 'UTF-8' encoding to copy filtered resources.
2025-01-31 15:46:10,739 [Worker-65: Building] INFO  o.e.m.c.i.embedder.EclipseLogger - skip non existing resourceDirectory /Users/user/Desktop/OBSIDI ACADEMY/academy-java/src/main/resources
2025-01-31 15:46:10,758 [Worker-65: Building] INFO  o.e.m.c.i.embedder.EclipseLogger - Using 'UTF-8' encoding to copy filtered resources.
2025-01-31 15:46:10,759 [Worker-65: Building] INFO  o.e.m.c.i.embedder.EclipseLogger - skip non existing resourceDirectory /Users/user/Desktop/OBSIDI ACADEMY/academy-java/src/test/resources
2025-01-31 15:46:52,389 [Worker-61: Building] INFO  o.e.m.c.i.embedder.EclipseLogger - Using 'UTF-8' encoding to copy filtered resources.
2025-01-31 15:46:52,390 [Worker-61: Building] INFO  o.e.m.c.i.embedder.EclipseLogger - skip non existing resourceDirectory /Users/user/Desktop/OBSIDI ACADEMY/academy-java/src/main/resources
2025-01-31 15:46:52,396 [Worker-61: Building] INFO  o.e.m.c.i.embedder.EclipseLogger - Using 'UTF-8' encoding to copy filtered resources.
2025-01-31 15:46:52,396 [Worker-61: Building] INFO  o.e.m.c.i.embedder.EclipseLogger - skip non existing resourceDirectory /Users/user/Desktop/OBSIDI ACADEMY/academy-java/src/test/resources
2025-01-31 15:56:52,972 [Worker-67: Building] INFO  o.e.m.c.i.embedder.EclipseLogger - Using 'UTF-8' encoding to copy filtered resources.
2025-01-31 15:56:52,976 [Worker-67: Building] INFO  o.e.m.c.i.embedder.EclipseLogger - skip non existing resourceDirectory /Users/user/Desktop/OBSIDI ACADEMY/academy-java/src/main/resources
2025-01-31 15:56:52,980 [Worker-67: Building] INFO  o.e.m.c.i.embedder.EclipseLogger - Using 'UTF-8' encoding to copy filtered resources.
2025-01-31 15:56:52,983 [Worker-67: Building] INFO  o.e.m.c.i.embedder.EclipseLogger - skip non existing resourceDirectory /Users/user/Desktop/OBSIDI ACADEMY/academy-java/src/test/resources
2025-01-31 15:56:58,050 [Worker-69: Building] INFO  o.e.m.c.i.embedder.EclipseLogger - Using 'UTF-8' encoding to copy filtered resources.
2025-01-31 15:56:58,053 [Worker-69: Building] INFO  o.e.m.c.i.embedder.EclipseLogger - skip non existing resourceDirectory /Users/user/Desktop/OBSIDI ACADEMY/academy-java/src/main/resources
2025-01-31 15:56:58,055 [Worker-69: Building] INFO  o.e.m.c.i.embedder.EclipseLogger - Using 'UTF-8' encoding to copy filtered resources.
2025-01-31 15:56:58,056 [Worker-69: Building] INFO  o.e.m.c.i.embedder.EclipseLogger - skip non existing resourceDirectory /Users/user/Desktop/OBSIDI ACADEMY/academy-java/src/test/resources
2025-01-31 15:58:20,215 [Worker-70: Building] INFO  o.e.m.c.i.embedder.EclipseLogger - Using 'UTF-8' encoding to copy filtered resources.
2025-01-31 15:58:20,216 [Worker-70: Building] INFO  o.e.m.c.i.embedder.EclipseLogger - skip non existing resourceDirectory /Users/user/Desktop/OBSIDI ACADEMY/academy-java/src/main/resources
2025-01-31 15:58:20,219 [Worker-70: Building] INFO  o.e.m.c.i.embedder.EclipseLogger - Using 'UTF-8' encoding to copy filtered resources.
2025-01-31 15:58:20,221 [Worker-70: Building] INFO  o.e.m.c.i.embedder.EclipseLogger - skip non existing resourceDirectory /Users/user/Desktop/OBSIDI ACADEMY/academy-java/src/test/resources
2025-01-31 16:01:19,744 [Worker-65: Building] INFO  o.e.m.c.i.embedder.EclipseLogger - Using 'UTF-8' encoding to copy filtered resources.
2025-01-31 16:01:19,745 [Worker-65: Building] INFO  o.e.m.c.i.embedder.EclipseLogger - skip non existing resourceDirectory /Users/user/Desktop/OBSIDI ACADEMY/academy-java/src/main/resources
2025-01-31 16:01:19,746 [Worker-65: Building] INFO  o.e.m.c.i.embedder.EclipseLogger - Using 'UTF-8' encoding to copy filtered resources.
2025-01-31 16:01:19,747 [Worker-65: Building] INFO  o.e.m.c.i.embedder.EclipseLogger - skip non existing resourceDirectory /Users/user/Desktop/OBSIDI ACADEMY/academy-java/src/test/resources
2025-01-31 16:01:54,801 [Worker-72: Building] INFO  o.e.m.c.i.embedder.EclipseLogger - Using 'UTF-8' encoding to copy filtered resources.
2025-01-31 16:01:54,802 [Worker-72: Building] INFO  o.e.m.c.i.embedder.EclipseLogger - skip non existing resourceDirectory /Users/user/Desktop/OBSIDI ACADEMY/academy-java/src/main/resources
2025-01-31 16:01:54,805 [Worker-72: Building] INFO  o.e.m.c.i.embedder.EclipseLogger - Using 'UTF-8' encoding to copy filtered resources.
2025-01-31 16:01:54,805 [Worker-72: Building] INFO  o.e.m.c.i.embedder.EclipseLogger - skip non existing resourceDirectory /Users/user/Desktop/OBSIDI ACADEMY/academy-java/src/test/resources
2025-01-31 16:02:45,257 [Worker-65: Launching Main] INFO  o.e.m.c.i.embedder.EclipseLogger - Using 'UTF-8' encoding to copy filtered resources.
2025-01-31 16:02:45,258 [Worker-65: Launching Main] INFO  o.e.m.c.i.embedder.EclipseLogger - skip non existing resourceDirectory /Users/user/Desktop/OBSIDI ACADEMY/academy-java/src/main/resources
2025-01-31 16:02:45,261 [Worker-65: Launching Main] INFO  o.e.m.c.i.embedder.EclipseLogger - Using 'UTF-8' encoding to copy filtered resources.
2025-01-31 16:02:45,261 [Worker-65: Launching Main] INFO  o.e.m.c.i.embedder.EclipseLogger - skip non existing resourceDirectory /Users/user/Desktop/OBSIDI ACADEMY/academy-java/src/test/resources
2025-01-31 16:05:00,533 [Worker-65: Building] INFO  o.e.m.c.i.embedder.EclipseLogger - Using 'UTF-8' encoding to copy filtered resources.
2025-01-31 16:05:00,535 [Worker-65: Building] INFO  o.e.m.c.i.embedder.EclipseLogger - skip non existing resourceDirectory /Users/user/Desktop/OBSIDI ACADEMY/academy-java/src/main/resources
2025-01-31 16:05:00,537 [Worker-65: Building] INFO  o.e.m.c.i.embedder.EclipseLogger - Using 'UTF-8' encoding to copy filtered resources.
2025-01-31 16:05:00,538 [Worker-65: Building] INFO  o.e.m.c.i.embedder.EclipseLogger - skip non existing resourceDirectory /Users/user/Desktop/OBSIDI ACADEMY/academy-java/src/test/resources
2025-01-31 16:05:14,723 [Worker-71: Launching Traingle] INFO  o.e.m.c.i.embedder.EclipseLogger - Using 'UTF-8' encoding to copy filtered resources.
2025-01-31 16:05:14,723 [Worker-71: Launching Traingle] INFO  o.e.m.c.i.embedder.EclipseLogger - skip non existing resourceDirectory /Users/user/Desktop/OBSIDI ACADEMY/academy-java/src/main/resources
2025-01-31 16:05:14,725 [Worker-71: Launching Traingle] INFO  o.e.m.c.i.embedder.EclipseLogger - Using 'UTF-8' encoding to copy filtered resources.
2025-01-31 16:05:14,726 [Worker-71: Launching Traingle] INFO  o.e.m.c.i.embedder.EclipseLogger - skip non existing resourceDirectory /Users/user/Desktop/OBSIDI ACADEMY/academy-java/src/test/resources
2025-01-31 16:13:24,620 [Worker-78: Building] INFO  o.e.m.c.i.embedder.EclipseLogger - Using 'UTF-8' encoding to copy filtered resources.
2025-01-31 16:13:24,625 [Worker-78: Building] INFO  o.e.m.c.i.embedder.EclipseLogger - skip non existing resourceDirectory /Users/user/Desktop/OBSIDI ACADEMY/academy-java/src/main/resources
2025-01-31 16:13:24,629 [Worker-78: Building] INFO  o.e.m.c.i.embedder.EclipseLogger - Using 'UTF-8' encoding to copy filtered resources.
2025-01-31 16:13:24,629 [Worker-78: Building] INFO  o.e.m.c.i.embedder.EclipseLogger - skip non existing resourceDirectory /Users/user/Desktop/OBSIDI ACADEMY/academy-java/src/test/resources
2025-01-31 16:13:57,951 [Worker-79: Building] INFO  o.e.m.c.i.embedder.EclipseLogger - Using 'UTF-8' encoding to copy filtered resources.
2025-01-31 16:13:57,955 [Worker-79: Building] INFO  o.e.m.c.i.embedder.EclipseLogger - skip non existing resourceDirectory /Users/user/Desktop/OBSIDI ACADEMY/academy-java/src/main/resources
2025-01-31 16:13:57,960 [Worker-79: Building] INFO  o.e.m.c.i.embedder.EclipseLogger - Using 'UTF-8' encoding to copy filtered resources.
2025-01-31 16:13:57,960 [Worker-79: Building] INFO  o.e.m.c.i.embedder.EclipseLogger - skip non existing resourceDirectory /Users/user/Desktop/OBSIDI ACADEMY/academy-java/src/test/resources
2025-01-31 19:21:15,621 [Worker-92: Building] INFO  o.e.m.c.i.embedder.EclipseLogger - Using 'UTF-8' encoding to copy filtered resources.
2025-01-31 19:21:15,625 [Worker-92: Building] INFO  o.e.m.c.i.embedder.EclipseLogger - skip non existing resourceDirectory /Users/user/Desktop/OBSIDI ACADEMY/academy-java/src/main/resources
2025-01-31 19:21:15,629 [Worker-92: Building] INFO  o.e.m.c.i.embedder.EclipseLogger - Using 'UTF-8' encoding to copy filtered resources.
2025-01-31 19:21:15,629 [Worker-92: Building] INFO  o.e.m.c.i.embedder.EclipseLogger - skip non existing resourceDirectory /Users/user/Desktop/OBSIDI ACADEMY/academy-java/src/test/resources
2025-01-31 19:51:40,565 [Worker-99: Building] INFO  o.e.m.c.i.embedder.EclipseLogger - Using 'UTF-8' encoding to copy filtered resources.
2025-01-31 19:51:40,569 [Worker-99: Building] INFO  o.e.m.c.i.embedder.EclipseLogger - skip non existing resourceDirectory /Users/user/Desktop/OBSIDI ACADEMY/academy-java/src/main/resources
2025-01-31 19:51:40,575 [Worker-99: Building] INFO  o.e.m.c.i.embedder.EclipseLogger - Using 'UTF-8' encoding to copy filtered resources.
2025-01-31 19:51:40,576 [Worker-99: Building] INFO  o.e.m.c.i.embedder.EclipseLogger - skip non existing resourceDirectory /Users/user/Desktop/OBSIDI ACADEMY/academy-java/src/test/resources
2025-01-31 19:52:04,789 [Worker-91: Building] INFO  o.e.m.c.i.embedder.EclipseLogger - Using 'UTF-8' encoding to copy filtered resources.
2025-01-31 19:52:04,791 [Worker-91: Building] INFO  o.e.m.c.i.embedder.EclipseLogger - skip non existing resourceDirectory /Users/user/Desktop/OBSIDI ACADEMY/academy-java/src/main/resources
2025-01-31 19:52:04,794 [Worker-91: Building] INFO  o.e.m.c.i.embedder.EclipseLogger - Using 'UTF-8' encoding to copy filtered resources.
2025-01-31 19:52:04,794 [Worker-91: Building] INFO  o.e.m.c.i.embedder.EclipseLogger - skip non existing resourceDirectory /Users/user/Desktop/OBSIDI ACADEMY/academy-java/src/test/resources
2025-02-01 14:43:34,166 [Worker-9: Loading available Gradle versions] INFO  o.e.b.c.i.u.g.PublishedGradleVersions - Gradle version information cache is out-of-date. Trying to update.
2025-02-01 14:43:36,624 [JGit-FileStoreAttributeWriter-2] ERROR org.eclipse.jgit.util.FS - Cannot save config file 'FileBasedConfig[/Users/user/.config/jgit/config]'
java.io.IOException: Creating directories for /Users/user/.config/jgit failed
	at org.eclipse.jgit.util.FileUtils.mkdirs(FileUtils.java:411)
	at org.eclipse.jgit.internal.storage.file.LockFile.lock(LockFile.java:130)
	at org.eclipse.jgit.storage.file.FileBasedConfig.save(FileBasedConfig.java:219)
	at org.eclipse.jgit.util.FS$FileStoreAttributes.saveToConfig(FS.java:735)
	at org.eclipse.jgit.util.FS$FileStoreAttributes.lambda$4(FS.java:424)
	at java.base/java.util.concurrent.ThreadPoolExecutor.runWorker(ThreadPoolExecutor.java:1144)
	at java.base/java.util.concurrent.ThreadPoolExecutor$Worker.run(ThreadPoolExecutor.java:642)
	at java.base/java.lang.Thread.run(Thread.java:1589)
2025-02-03 13:20:33,886 [Worker-5: Loading available Gradle versions] INFO  o.e.b.c.i.u.g.PublishedGradleVersions - Gradle version information cache is out-of-date. Trying to update.
2025-02-03 13:20:36,242 [JGit-FileStoreAttributeWriter-2] ERROR org.eclipse.jgit.util.FS - Cannot save config file 'FileBasedConfig[/Users/user/.config/jgit/config]'
java.io.IOException: Creating directories for /Users/user/.config/jgit failed
	at org.eclipse.jgit.util.FileUtils.mkdirs(FileUtils.java:411)
	at org.eclipse.jgit.internal.storage.file.LockFile.lock(LockFile.java:130)
	at org.eclipse.jgit.storage.file.FileBasedConfig.save(FileBasedConfig.java:219)
	at org.eclipse.jgit.util.FS$FileStoreAttributes.saveToConfig(FS.java:735)
	at org.eclipse.jgit.util.FS$FileStoreAttributes.lambda$4(FS.java:424)
	at java.base/java.util.concurrent.ThreadPoolExecutor.runWorker(ThreadPoolExecutor.java:1144)
	at java.base/java.util.concurrent.ThreadPoolExecutor$Worker.run(ThreadPoolExecutor.java:642)
	at java.base/java.lang.Thread.run(Thread.java:1589)
2025-02-03 17:59:03,103 [Worker-3: Loading available Gradle versions] INFO  o.e.b.c.i.u.g.PublishedGradleVersions - Gradle version information cache is up-to-date. Trying to read.
2025-02-03 17:59:15,911 [JGit-FileStoreAttributeWriter-2] ERROR org.eclipse.jgit.util.FS - Cannot save config file 'FileBasedConfig[/Users/user/.config/jgit/config]'
java.io.IOException: Creating directories for /Users/user/.config/jgit failed
	at org.eclipse.jgit.util.FileUtils.mkdirs(FileUtils.java:411)
	at org.eclipse.jgit.internal.storage.file.LockFile.lock(LockFile.java:130)
	at org.eclipse.jgit.storage.file.FileBasedConfig.save(FileBasedConfig.java:219)
	at org.eclipse.jgit.util.FS$FileStoreAttributes.saveToConfig(FS.java:735)
	at org.eclipse.jgit.util.FS$FileStoreAttributes.lambda$4(FS.java:424)
	at java.base/java.util.concurrent.ThreadPoolExecutor.runWorker(ThreadPoolExecutor.java:1144)
	at java.base/java.util.concurrent.ThreadPoolExecutor$Worker.run(ThreadPoolExecutor.java:642)
	at java.base/java.lang.Thread.run(Thread.java:1589)
2025-02-03 20:37:38,694 [Worker-52: Building] INFO  o.e.m.c.i.embedder.EclipseLogger - Using 'UTF-8' encoding to copy filtered resources.
2025-02-03 20:37:38,697 [Worker-52: Building] INFO  o.e.m.c.i.embedder.EclipseLogger - skip non existing resourceDirectory /Users/user/Desktop/OBSIDI ACADEMY/academy-java/src/main/resources
2025-02-03 20:37:38,703 [Worker-52: Building] INFO  o.e.m.c.i.embedder.EclipseLogger - Using 'UTF-8' encoding to copy filtered resources.
2025-02-03 20:37:38,703 [Worker-52: Building] INFO  o.e.m.c.i.embedder.EclipseLogger - skip non existing resourceDirectory /Users/user/Desktop/OBSIDI ACADEMY/academy-java/src/test/resources
2025-02-03 20:37:39,153 [Worker-52: Building] INFO  o.a.m.s.f.DefaultMavenResourcesFiltering - skip non existing resourceDirectory /Users/user/Desktop/OBSIDI ACADEMY/bptn-java/src/main/resources
2025-02-03 20:37:39,157 [Worker-52: Building] INFO  o.a.m.s.f.DefaultMavenResourcesFiltering - skip non existing resourceDirectory /Users/user/Desktop/OBSIDI ACADEMY/bptn-java/src/test/resources
2025-02-03 20:38:00,499 [Worker-1: Building] INFO  o.e.m.c.i.embedder.EclipseLogger - Using 'UTF-8' encoding to copy filtered resources.
2025-02-03 20:38:00,500 [Worker-1: Building] INFO  o.e.m.c.i.embedder.EclipseLogger - skip non existing resourceDirectory /Users/user/Desktop/OBSIDI ACADEMY/academy-java/src/main/resources
2025-02-03 20:38:00,514 [Worker-1: Building] INFO  o.e.m.c.i.embedder.EclipseLogger - Using 'UTF-8' encoding to copy filtered resources.
2025-02-03 20:38:00,514 [Worker-1: Building] INFO  o.e.m.c.i.embedder.EclipseLogger - skip non existing resourceDirectory /Users/user/Desktop/OBSIDI ACADEMY/academy-java/src/test/resources
2025-02-03 20:42:45,277 [Worker-53: Launching Stock] INFO  o.e.m.c.i.embedder.EclipseLogger - Using 'UTF-8' encoding to copy filtered resources.
2025-02-03 20:42:45,277 [Worker-53: Launching Stock] INFO  o.e.m.c.i.embedder.EclipseLogger - skip non existing resourceDirectory /Users/user/Desktop/OBSIDI ACADEMY/academy-java/src/main/resources
2025-02-03 20:42:45,278 [Worker-53: Launching Stock] INFO  o.e.m.c.i.embedder.EclipseLogger - Using 'UTF-8' encoding to copy filtered resources.
2025-02-03 20:42:45,279 [Worker-53: Launching Stock] INFO  o.e.m.c.i.embedder.EclipseLogger - skip non existing resourceDirectory /Users/user/Desktop/OBSIDI ACADEMY/academy-java/src/test/resources
2025-02-03 20:43:53,091 [Worker-53: Building] INFO  o.e.m.c.i.embedder.EclipseLogger - Using 'UTF-8' encoding to copy filtered resources.
2025-02-03 20:43:53,092 [Worker-53: Building] INFO  o.e.m.c.i.embedder.EclipseLogger - skip non existing resourceDirectory /Users/user/Desktop/OBSIDI ACADEMY/academy-java/src/main/resources
2025-02-03 20:43:53,095 [Worker-53: Building] INFO  o.e.m.c.i.embedder.EclipseLogger - Using 'UTF-8' encoding to copy filtered resources.
2025-02-03 20:43:53,095 [Worker-53: Building] INFO  o.e.m.c.i.embedder.EclipseLogger - skip non existing resourceDirectory /Users/user/Desktop/OBSIDI ACADEMY/academy-java/src/test/resources
2025-02-03 20:47:07,452 [Worker-57: Launching Stock] INFO  o.e.m.c.i.embedder.EclipseLogger - Using 'UTF-8' encoding to copy filtered resources.
2025-02-03 20:47:07,452 [Worker-57: Launching Stock] INFO  o.e.m.c.i.embedder.EclipseLogger - skip non existing resourceDirectory /Users/user/Desktop/OBSIDI ACADEMY/academy-java/src/main/resources
2025-02-03 20:47:07,453 [Worker-57: Launching Stock] INFO  o.e.m.c.i.embedder.EclipseLogger - Using 'UTF-8' encoding to copy filtered resources.
2025-02-03 20:47:07,453 [Worker-57: Launching Stock] INFO  o.e.m.c.i.embedder.EclipseLogger - skip non existing resourceDirectory /Users/user/Desktop/OBSIDI ACADEMY/academy-java/src/test/resources
2025-02-05 14:14:41,552 [Worker-70: Building] INFO  o.e.m.c.i.embedder.EclipseLogger - Using 'UTF-8' encoding to copy filtered resources.
2025-02-05 14:14:41,570 [Worker-70: Building] INFO  o.e.m.c.i.embedder.EclipseLogger - skip non existing resourceDirectory /Users/user/Desktop/OBSIDI ACADEMY/academy-java/src/main/resources
2025-02-05 14:14:41,589 [Worker-70: Building] INFO  o.e.m.c.i.embedder.EclipseLogger - Using 'UTF-8' encoding to copy filtered resources.
2025-02-05 14:14:41,589 [Worker-70: Building] INFO  o.e.m.c.i.embedder.EclipseLogger - skip non existing resourceDirectory /Users/user/Desktop/OBSIDI ACADEMY/academy-java/src/test/resources
2025-02-05 14:15:13,918 [Worker-63: Building] INFO  o.e.m.c.i.embedder.EclipseLogger - Using 'UTF-8' encoding to copy filtered resources.
2025-02-05 14:15:13,919 [Worker-63: Building] INFO  o.e.m.c.i.embedder.EclipseLogger - skip non existing resourceDirectory /Users/user/Desktop/OBSIDI ACADEMY/academy-java/src/main/resources
2025-02-05 14:15:13,921 [Worker-63: Building] INFO  o.e.m.c.i.embedder.EclipseLogger - Using 'UTF-8' encoding to copy filtered resources.
2025-02-05 14:15:13,922 [Worker-63: Building] INFO  o.e.m.c.i.embedder.EclipseLogger - skip non existing resourceDirectory /Users/user/Desktop/OBSIDI ACADEMY/academy-java/src/test/resources
2025-02-05 14:16:23,266 [Worker-63: Building] INFO  o.e.m.c.i.embedder.EclipseLogger - Using 'UTF-8' encoding to copy filtered resources.
2025-02-05 14:16:23,268 [Worker-63: Building] INFO  o.e.m.c.i.embedder.EclipseLogger - skip non existing resourceDirectory /Users/user/Desktop/OBSIDI ACADEMY/academy-java/src/main/resources
2025-02-05 14:16:23,271 [Worker-63: Building] INFO  o.e.m.c.i.embedder.EclipseLogger - Using 'UTF-8' encoding to copy filtered resources.
2025-02-05 14:16:23,271 [Worker-63: Building] INFO  o.e.m.c.i.embedder.EclipseLogger - skip non existing resourceDirectory /Users/user/Desktop/OBSIDI ACADEMY/academy-java/src/test/resources
2025-02-06 07:09:24,451 [JGit-FileStoreAttributeWriter-2] ERROR org.eclipse.jgit.util.FS - Cannot save config file 'FileBasedConfig[/Users/user/.config/jgit/config]'
java.io.IOException: Creating directories for /Users/user/.config/jgit failed
	at org.eclipse.jgit.util.FileUtils.mkdirs(FileUtils.java:411)
	at org.eclipse.jgit.internal.storage.file.LockFile.lock(LockFile.java:130)
	at org.eclipse.jgit.storage.file.FileBasedConfig.save(FileBasedConfig.java:219)
	at org.eclipse.jgit.util.FS$FileStoreAttributes.saveToConfig(FS.java:735)
	at org.eclipse.jgit.util.FS$FileStoreAttributes.lambda$4(FS.java:424)
	at java.base/java.util.concurrent.ThreadPoolExecutor.runWorker(ThreadPoolExecutor.java:1144)
	at java.base/java.util.concurrent.ThreadPoolExecutor$Worker.run(ThreadPoolExecutor.java:642)
	at java.base/java.lang.Thread.run(Thread.java:1589)
2025-02-06 07:09:28,535 [Worker-1: Building] INFO  o.e.m.c.i.embedder.EclipseLogger - Using 'UTF-8' encoding to copy filtered resources.
2025-02-06 07:09:28,538 [Worker-1: Building] INFO  o.e.m.c.i.embedder.EclipseLogger - skip non existing resourceDirectory /Users/user/Desktop/OBSIDI ACADEMY/academy-java/src/main/resources
2025-02-06 07:09:28,549 [Worker-1: Building] INFO  o.e.m.c.i.embedder.EclipseLogger - Using 'UTF-8' encoding to copy filtered resources.
2025-02-06 07:09:28,549 [Worker-1: Building] INFO  o.e.m.c.i.embedder.EclipseLogger - skip non existing resourceDirectory /Users/user/Desktop/OBSIDI ACADEMY/academy-java/src/test/resources
2025-02-06 07:09:29,183 [Worker-1: Building] INFO  o.a.m.s.f.DefaultMavenResourcesFiltering - skip non existing resourceDirectory /Users/user/Desktop/OBSIDI ACADEMY/bptn-java/src/main/resources
2025-02-06 07:09:29,189 [Worker-1: Building] INFO  o.a.m.s.f.DefaultMavenResourcesFiltering - skip non existing resourceDirectory /Users/user/Desktop/OBSIDI ACADEMY/bptn-java/src/test/resources
2025-02-07 12:34:42,197 [Worker-10: Loading available Gradle versions] INFO  o.e.b.c.i.u.g.PublishedGradleVersions - Gradle version information cache is out-of-date. Trying to update.
2025-02-07 12:34:47,770 [JGit-FileStoreAttributeWriter-2] ERROR org.eclipse.jgit.util.FS - Cannot save config file 'FileBasedConfig[/Users/user/.config/jgit/config]'
java.io.IOException: Creating directories for /Users/user/.config/jgit failed
	at org.eclipse.jgit.util.FileUtils.mkdirs(FileUtils.java:411)
	at org.eclipse.jgit.internal.storage.file.LockFile.lock(LockFile.java:130)
	at org.eclipse.jgit.storage.file.FileBasedConfig.save(FileBasedConfig.java:219)
	at org.eclipse.jgit.util.FS$FileStoreAttributes.saveToConfig(FS.java:735)
	at org.eclipse.jgit.util.FS$FileStoreAttributes.lambda$4(FS.java:424)
	at java.base/java.util.concurrent.ThreadPoolExecutor.runWorker(ThreadPoolExecutor.java:1144)
	at java.base/java.util.concurrent.ThreadPoolExecutor$Worker.run(ThreadPoolExecutor.java:642)
	at java.base/java.lang.Thread.run(Thread.java:1589)
